状态 35冲突：10 项偏移/归约
状态 103冲突：10 项偏移/归约
状态 108冲突：8 项偏移/归约
状态 109冲突：1 项偏移/归约
状态 112冲突：10 项偏移/归约
状态 113冲突：8 项偏移/归约


语法

    0 $accept: program "end of file"

    1 program: declaration_list

    2 id: IDENTIFIER
    3   | error

    4 declaration_list: declaration
    5                 | declaration_list declaration

    6 declaration: var_declaration
    7            | func_declaration

    8 var_declaration: var_type id SEMI
    9                | var_type id LBRACKET numeric RBRACKET SEMI

   10 var_type: INT
   11         | error

   12 func_declaration: VOID id LPAREN params RPAREN compound_stmt
   13                 | var_type id LPAREN params RPAREN compound_stmt
   14                 | error LPAREN param RPAREN compound_stmt

   15 params: %empty
   16       | VOID
   17       | param_list
   18       | error

   19 param_list: param
   20           | param_list COMMA param

   21 param: var_type id
   22      | var_type id LBRACKET RBRACKET

   23 compound_stmt: LBRACE stmt_list RBRACE

   24 stmt_list: stmt
   25          | stmt_list stmt
   26          | %empty

   27 stmt: expr_stmt
   28     | compound_stmt
   29     | selection_stmt
   30     | iteration_stmt
   31     | return_stmt

   32 selection_stmt: IF LPAREN expr RPAREN stmt_list
   33               | IF LPAREN expr RPAREN stmt ELSE stmt_list

   34 expr_stmt: expr SEMI
   35          | SEMI

   36 iteration_stmt: WHILE LBRACE expr RBRACE compound_stmt

   37 return_stmt: RETURN SEMI
   38            | RETURN expr SEMI

   39 expr: comparision
   40     | LPAREN expr RPAREN
   41     | expr PLUS expr
   42     | expr MINUS expr
   43     | expr MUL expr
   44     | expr DIV expr
   45     | MINUS expr
   46     | id ASSIGN expr
   47     | id LBRACE args RBRACE
   48     | id LBRACKET expr RBRACKET
   49     | numeric
   50     | id

   51 comparision: expr LESS expr
   52            | expr GREATER expr
   53            | expr EQUAL expr
   54            | expr NEQUAL expr
   55            | expr ELESS expr
   56            | expr EGREATER expr

   57 numeric: INT_CONST

   58 args: %empty
   59     | expr
   60     | args COMMA expr


终结语词，附有它们出现处的规则

    "end of file" <TOKEN> (0) 0
    error (256) 3 11 14 18
    IDENTIFIER <STR> (258) 2
    INT_CONST <STR> (259) 57
    VOID <TOKEN> (260) 12 16
    INT <TOKEN> (261) 10
    ASSIGN <TOKEN> (262) 46
    SEMI <TOKEN> (263) 8 9 34 35 37 38
    COMMA <TOKEN> (264) 20 60
    LPAREN <TOKEN> (265) 12 13 14 32 33 40
    RPAREN <TOKEN> (266) 12 13 14 32 33 40
    RBRACE <TOKEN> (267) 23 36 47
    LBRACE <TOKEN> (268) 23 36 47
    LBRACKET <TOKEN> (269) 9 22 48
    RBRACKET <TOKEN> (270) 9 22 48
    PLUS <TOKEN> (271) 41
    MINUS <TOKEN> (272) 42 45
    MUL <TOKEN> (273) 43
    DIV <TOKEN> (274) 44
    GREATER <TOKEN> (275) 52
    LESS <TOKEN> (276) 51
    EQUAL <TOKEN> (277) 53
    ELESS <TOKEN> (278) 55
    EGREATER <TOKEN> (279) 56
    NEQUAL <TOKEN> (280) 54
    IF <TOKEN> (281) 32 33
    ELSE <TOKEN> (282) 33
    RETURN <TOKEN> (283) 37 38
    WHILE <TOKEN> (284) 36
    NEG (285)
    NO_ELSE (286)


非终结语词，附有它们出现处的规则

    $accept (32)
        on left: 0
    program <BLOCK> (33)
        on left: 1
        on right: 0
    id <IDENT> (34)
        on left: 2 3
        on right: 8 9 12 13 21 22 46 47 48 50
    declaration_list <BLOCK> (35)
        on left: 4 5
        on right: 1 5
    declaration <STMT> (36)
        on left: 6 7
        on right: 4 5
    var_declaration <STMT> (37)
        on left: 8 9
        on right: 6
    var_type <TYPE> (38)
        on left: 10 11
        on right: 8 9 13 21 22
    func_declaration <STMT> (39)
        on left: 12 13 14
        on right: 7
    params <FORMALS> (40)
        on left: 15 16 17 18
        on right: 12 13
    param_list <FORMALS> (41)
        on left: 19 20
        on right: 17 20
    param <STMT> (42)
        on left: 21 22
        on right: 14 19 20
    compound_stmt <BLOCK> (43)
        on left: 23
        on right: 12 13 14 28 36
    stmt_list <BLOCK> (44)
        on left: 24 25 26
        on right: 23 25 32 33
    stmt <STMT> (45)
        on left: 27 28 29 30 31
        on right: 24 25 33
    selection_stmt <STMT> (46)
        on left: 32 33
        on right: 29
    expr_stmt <STMT> (47)
        on left: 34 35
        on right: 27
    iteration_stmt <STMT> (48)
        on left: 36
        on right: 30
    return_stmt <STMT> (49)
        on left: 37 38
        on right: 31
    expr <EXPR> (50)
        on left: 39 40 41 42 43 44 45 46 47 48 49 50
        on right: 32 33 34 36 38 40 41 42 43 44 45 46 48 51 52 53 54 55 56 59 60
    comparision <EXPR> (51)
        on left: 51 52 53 54 55 56
        on right: 39
    numeric <EXPR> (52)
        on left: 57
        on right: 9 49
    args <ARGS> (53)
        on left: 58 59 60
        on right: 47 60


状态 0

    0 $accept: . program "end of file"

    error  偏移，并进入状态 1
    VOID   偏移，并进入状态 2
    INT    偏移，并进入状态 3

    program           转到状态 4
    declaration_list  转到状态 5
    declaration       转到状态 6
    var_declaration   转到状态 7
    var_type          转到状态 8
    func_declaration  转到状态 9


状态 1

   11 var_type: error .
   14 func_declaration: error . LPAREN param RPAREN compound_stmt

    LPAREN  偏移，并进入状态 10

    $default  使用规则 11 以归约 (var_type)


状态 2

   12 func_declaration: VOID . id LPAREN params RPAREN compound_stmt

    error       偏移，并进入状态 11
    IDENTIFIER  偏移，并进入状态 12

    id  转到状态 13


状态 3

   10 var_type: INT .

    $default  使用规则 10 以归约 (var_type)


状态 4

    0 $accept: program . "end of file"

    "end of file"  偏移，并进入状态 14


状态 5

    1 program: declaration_list .
    5 declaration_list: declaration_list . declaration

    error  偏移，并进入状态 1
    VOID   偏移，并进入状态 2
    INT    偏移，并进入状态 3

    "end of file"  使用规则 1 以归约 (program)

    declaration       转到状态 15
    var_declaration   转到状态 7
    var_type          转到状态 8
    func_declaration  转到状态 9


状态 6

    4 declaration_list: declaration .

    $default  使用规则 4 以归约 (declaration_list)


状态 7

    6 declaration: var_declaration .

    $default  使用规则 6 以归约 (declaration)


状态 8

    8 var_declaration: var_type . id SEMI
    9                | var_type . id LBRACKET numeric RBRACKET SEMI
   13 func_declaration: var_type . id LPAREN params RPAREN compound_stmt

    error       偏移，并进入状态 11
    IDENTIFIER  偏移，并进入状态 12

    id  转到状态 16


状态 9

    7 declaration: func_declaration .

    $default  使用规则 7 以归约 (declaration)


状态 10

   14 func_declaration: error LPAREN . param RPAREN compound_stmt

    error  偏移，并进入状态 17
    INT    偏移，并进入状态 3

    var_type  转到状态 18
    param     转到状态 19


状态 11

    3 id: error .

    $default  使用规则 3 以归约 (id)


状态 12

    2 id: IDENTIFIER .

    $default  使用规则 2 以归约 (id)


状态 13

   12 func_declaration: VOID id . LPAREN params RPAREN compound_stmt

    LPAREN  偏移，并进入状态 20


状态 14

    0 $accept: program "end of file" .

    $default  接受


状态 15

    5 declaration_list: declaration_list declaration .

    $default  使用规则 5 以归约 (declaration_list)


状态 16

    8 var_declaration: var_type id . SEMI
    9                | var_type id . LBRACKET numeric RBRACKET SEMI
   13 func_declaration: var_type id . LPAREN params RPAREN compound_stmt

    SEMI      偏移，并进入状态 21
    LPAREN    偏移，并进入状态 22
    LBRACKET  偏移，并进入状态 23


状态 17

   11 var_type: error .

    $default  使用规则 11 以归约 (var_type)


状态 18

   21 param: var_type . id
   22      | var_type . id LBRACKET RBRACKET

    error       偏移，并进入状态 11
    IDENTIFIER  偏移，并进入状态 12

    id  转到状态 24


状态 19

   14 func_declaration: error LPAREN param . RPAREN compound_stmt

    RPAREN  偏移，并进入状态 25


状态 20

   12 func_declaration: VOID id LPAREN . params RPAREN compound_stmt

    error  偏移，并进入状态 26
    VOID   偏移，并进入状态 27
    INT    偏移，并进入状态 3

    RPAREN  使用规则 15 以归约 (params)

    var_type    转到状态 18
    params      转到状态 28
    param_list  转到状态 29
    param       转到状态 30


状态 21

    8 var_declaration: var_type id SEMI .

    $default  使用规则 8 以归约 (var_declaration)


状态 22

   13 func_declaration: var_type id LPAREN . params RPAREN compound_stmt

    error  偏移，并进入状态 26
    VOID   偏移，并进入状态 27
    INT    偏移，并进入状态 3

    RPAREN  使用规则 15 以归约 (params)

    var_type    转到状态 18
    params      转到状态 31
    param_list  转到状态 29
    param       转到状态 30


状态 23

    9 var_declaration: var_type id LBRACKET . numeric RBRACKET SEMI

    INT_CONST  偏移，并进入状态 32

    numeric  转到状态 33


状态 24

   21 param: var_type id .
   22      | var_type id . LBRACKET RBRACKET

    LBRACKET  偏移，并进入状态 34

    $default  使用规则 21 以归约 (param)


状态 25

   14 func_declaration: error LPAREN param RPAREN . compound_stmt

    LBRACE  偏移，并进入状态 35

    compound_stmt  转到状态 36


状态 26

   11 var_type: error .
   18 params: error .

    RPAREN    使用规则 18 以归约 (params)
    $default  使用规则 11 以归约 (var_type)


状态 27

   16 params: VOID .

    $default  使用规则 16 以归约 (params)


状态 28

   12 func_declaration: VOID id LPAREN params . RPAREN compound_stmt

    RPAREN  偏移，并进入状态 37


状态 29

   17 params: param_list .
   20 param_list: param_list . COMMA param

    COMMA  偏移，并进入状态 38

    $default  使用规则 17 以归约 (params)


状态 30

   19 param_list: param .

    $default  使用规则 19 以归约 (param_list)


状态 31

   13 func_declaration: var_type id LPAREN params . RPAREN compound_stmt

    RPAREN  偏移，并进入状态 39


状态 32

   57 numeric: INT_CONST .

    $default  使用规则 57 以归约 (numeric)


状态 33

    9 var_declaration: var_type id LBRACKET numeric . RBRACKET SEMI

    RBRACKET  偏移，并进入状态 40


状态 34

   22 param: var_type id LBRACKET . RBRACKET

    RBRACKET  偏移，并进入状态 41


状态 35

   23 compound_stmt: LBRACE . stmt_list RBRACE

    error       偏移，并进入状态 11
    IDENTIFIER  偏移，并进入状态 12
    INT_CONST   偏移，并进入状态 32
    SEMI        偏移，并进入状态 42
    LPAREN      偏移，并进入状态 43
    LBRACE      偏移，并进入状态 35
    MINUS       偏移，并进入状态 44
    IF          偏移，并进入状态 45
    RETURN      偏移，并进入状态 46
    WHILE       偏移，并进入状态 47

    error       [使用规则 26 以归约 (stmt_list)]
    IDENTIFIER  [使用规则 26 以归约 (stmt_list)]
    INT_CONST   [使用规则 26 以归约 (stmt_list)]
    SEMI        [使用规则 26 以归约 (stmt_list)]
    LPAREN      [使用规则 26 以归约 (stmt_list)]
    RBRACE      使用规则 26 以归约 (stmt_list)
    LBRACE      [使用规则 26 以归约 (stmt_list)]
    MINUS       [使用规则 26 以归约 (stmt_list)]
    IF          [使用规则 26 以归约 (stmt_list)]
    RETURN      [使用规则 26 以归约 (stmt_list)]
    WHILE       [使用规则 26 以归约 (stmt_list)]

    id              转到状态 48
    compound_stmt   转到状态 49
    stmt_list       转到状态 50
    stmt            转到状态 51
    selection_stmt  转到状态 52
    expr_stmt       转到状态 53
    iteration_stmt  转到状态 54
    return_stmt     转到状态 55
    expr            转到状态 56
    comparision     转到状态 57
    numeric         转到状态 58


状态 36

   14 func_declaration: error LPAREN param RPAREN compound_stmt .

    $default  使用规则 14 以归约 (func_declaration)


状态 37

   12 func_declaration: VOID id LPAREN params RPAREN . compound_stmt

    LBRACE  偏移，并进入状态 35

    compound_stmt  转到状态 59


状态 38

   20 param_list: param_list COMMA . param

    error  偏移，并进入状态 17
    INT    偏移，并进入状态 3

    var_type  转到状态 18
    param     转到状态 60


状态 39

   13 func_declaration: var_type id LPAREN params RPAREN . compound_stmt

    LBRACE  偏移，并进入状态 35

    compound_stmt  转到状态 61


状态 40

    9 var_declaration: var_type id LBRACKET numeric RBRACKET . SEMI

    SEMI  偏移，并进入状态 62


状态 41

   22 param: var_type id LBRACKET RBRACKET .

    $default  使用规则 22 以归约 (param)


状态 42

   35 expr_stmt: SEMI .

    $default  使用规则 35 以归约 (expr_stmt)


状态 43

   40 expr: LPAREN . expr RPAREN

    error       偏移，并进入状态 11
    IDENTIFIER  偏移，并进入状态 12
    INT_CONST   偏移，并进入状态 32
    LPAREN      偏移，并进入状态 43
    MINUS       偏移，并进入状态 44

    id           转到状态 48
    expr         转到状态 63
    comparision  转到状态 57
    numeric      转到状态 58


状态 44

   45 expr: MINUS . expr

    error       偏移，并进入状态 11
    IDENTIFIER  偏移，并进入状态 12
    INT_CONST   偏移，并进入状态 32
    LPAREN      偏移，并进入状态 43
    MINUS       偏移，并进入状态 44

    id           转到状态 48
    expr         转到状态 64
    comparision  转到状态 57
    numeric      转到状态 58


状态 45

   32 selection_stmt: IF . LPAREN expr RPAREN stmt_list
   33               | IF . LPAREN expr RPAREN stmt ELSE stmt_list

    LPAREN  偏移，并进入状态 65


状态 46

   37 return_stmt: RETURN . SEMI
   38            | RETURN . expr SEMI

    error       偏移，并进入状态 11
    IDENTIFIER  偏移，并进入状态 12
    INT_CONST   偏移，并进入状态 32
    SEMI        偏移，并进入状态 66
    LPAREN      偏移，并进入状态 43
    MINUS       偏移，并进入状态 44

    id           转到状态 48
    expr         转到状态 67
    comparision  转到状态 57
    numeric      转到状态 58


状态 47

   36 iteration_stmt: WHILE . LBRACE expr RBRACE compound_stmt

    LBRACE  偏移，并进入状态 68


状态 48

   46 expr: id . ASSIGN expr
   47     | id . LBRACE args RBRACE
   48     | id . LBRACKET expr RBRACKET
   50     | id .

    ASSIGN    偏移，并进入状态 69
    LBRACE    偏移，并进入状态 70
    LBRACKET  偏移，并进入状态 71

    $default  使用规则 50 以归约 (expr)


状态 49

   28 stmt: compound_stmt .

    $default  使用规则 28 以归约 (stmt)


状态 50

   23 compound_stmt: LBRACE stmt_list . RBRACE
   25 stmt_list: stmt_list . stmt

    error       偏移，并进入状态 11
    IDENTIFIER  偏移，并进入状态 12
    INT_CONST   偏移，并进入状态 32
    SEMI        偏移，并进入状态 42
    LPAREN      偏移，并进入状态 43
    RBRACE      偏移，并进入状态 72
    LBRACE      偏移，并进入状态 35
    MINUS       偏移，并进入状态 44
    IF          偏移，并进入状态 45
    RETURN      偏移，并进入状态 46
    WHILE       偏移，并进入状态 47

    id              转到状态 48
    compound_stmt   转到状态 49
    stmt            转到状态 73
    selection_stmt  转到状态 52
    expr_stmt       转到状态 53
    iteration_stmt  转到状态 54
    return_stmt     转到状态 55
    expr            转到状态 56
    comparision     转到状态 57
    numeric         转到状态 58


状态 51

   24 stmt_list: stmt .

    $default  使用规则 24 以归约 (stmt_list)


状态 52

   29 stmt: selection_stmt .

    $default  使用规则 29 以归约 (stmt)


状态 53

   27 stmt: expr_stmt .

    $default  使用规则 27 以归约 (stmt)


状态 54

   30 stmt: iteration_stmt .

    $default  使用规则 30 以归约 (stmt)


状态 55

   31 stmt: return_stmt .

    $default  使用规则 31 以归约 (stmt)


状态 56

   34 expr_stmt: expr . SEMI
   41 expr: expr . PLUS expr
   42     | expr . MINUS expr
   43     | expr . MUL expr
   44     | expr . DIV expr
   51 comparision: expr . LESS expr
   52            | expr . GREATER expr
   53            | expr . EQUAL expr
   54            | expr . NEQUAL expr
   55            | expr . ELESS expr
   56            | expr . EGREATER expr

    SEMI      偏移，并进入状态 74
    PLUS      偏移，并进入状态 75
    MINUS     偏移，并进入状态 76
    MUL       偏移，并进入状态 77
    DIV       偏移，并进入状态 78
    GREATER   偏移，并进入状态 79
    LESS      偏移，并进入状态 80
    EQUAL     偏移，并进入状态 81
    ELESS     偏移，并进入状态 82
    EGREATER  偏移，并进入状态 83
    NEQUAL    偏移，并进入状态 84


状态 57

   39 expr: comparision .

    $default  使用规则 39 以归约 (expr)


状态 58

   49 expr: numeric .

    $default  使用规则 49 以归约 (expr)


状态 59

   12 func_declaration: VOID id LPAREN params RPAREN compound_stmt .

    $default  使用规则 12 以归约 (func_declaration)


状态 60

   20 param_list: param_list COMMA param .

    $default  使用规则 20 以归约 (param_list)


状态 61

   13 func_declaration: var_type id LPAREN params RPAREN compound_stmt .

    $default  使用规则 13 以归约 (func_declaration)


状态 62

    9 var_declaration: var_type id LBRACKET numeric RBRACKET SEMI .

    $default  使用规则 9 以归约 (var_declaration)


状态 63

   40 expr: LPAREN expr . RPAREN
   41     | expr . PLUS expr
   42     | expr . MINUS expr
   43     | expr . MUL expr
   44     | expr . DIV expr
   51 comparision: expr . LESS expr
   52            | expr . GREATER expr
   53            | expr . EQUAL expr
   54            | expr . NEQUAL expr
   55            | expr . ELESS expr
   56            | expr . EGREATER expr

    RPAREN    偏移，并进入状态 85
    PLUS      偏移，并进入状态 75
    MINUS     偏移，并进入状态 76
    MUL       偏移，并进入状态 77
    DIV       偏移，并进入状态 78
    GREATER   偏移，并进入状态 79
    LESS      偏移，并进入状态 80
    EQUAL     偏移，并进入状态 81
    ELESS     偏移，并进入状态 82
    EGREATER  偏移，并进入状态 83
    NEQUAL    偏移，并进入状态 84


状态 64

   41 expr: expr . PLUS expr
   42     | expr . MINUS expr
   43     | expr . MUL expr
   44     | expr . DIV expr
   45     | MINUS expr .
   51 comparision: expr . LESS expr
   52            | expr . GREATER expr
   53            | expr . EQUAL expr
   54            | expr . NEQUAL expr
   55            | expr . ELESS expr
   56            | expr . EGREATER expr

    $default  使用规则 45 以归约 (expr)

    Conflict between rule 45 and token PLUS resolved as reduce (PLUS < NEG).
    Conflict between rule 45 and token MINUS resolved as reduce (MINUS < NEG).
    Conflict between rule 45 and token MUL resolved as reduce (MUL < NEG).
    Conflict between rule 45 and token DIV resolved as reduce (DIV < NEG).
    Conflict between rule 45 and token GREATER resolved as reduce (GREATER < NEG).
    Conflict between rule 45 and token LESS resolved as reduce (LESS < NEG).
    Conflict between rule 45 and token EQUAL resolved as reduce (EQUAL < NEG).
    Conflict between rule 45 and token ELESS resolved as reduce (ELESS < NEG).
    Conflict between rule 45 and token EGREATER resolved as reduce (EGREATER < NEG).
    Conflict between rule 45 and token NEQUAL resolved as reduce (NEQUAL < NEG).


状态 65

   32 selection_stmt: IF LPAREN . expr RPAREN stmt_list
   33               | IF LPAREN . expr RPAREN stmt ELSE stmt_list

    error       偏移，并进入状态 11
    IDENTIFIER  偏移，并进入状态 12
    INT_CONST   偏移，并进入状态 32
    LPAREN      偏移，并进入状态 43
    MINUS       偏移，并进入状态 44

    id           转到状态 48
    expr         转到状态 86
    comparision  转到状态 57
    numeric      转到状态 58


状态 66

   37 return_stmt: RETURN SEMI .

    $default  使用规则 37 以归约 (return_stmt)


状态 67

   38 return_stmt: RETURN expr . SEMI
   41 expr: expr . PLUS expr
   42     | expr . MINUS expr
   43     | expr . MUL expr
   44     | expr . DIV expr
   51 comparision: expr . LESS expr
   52            | expr . GREATER expr
   53            | expr . EQUAL expr
   54            | expr . NEQUAL expr
   55            | expr . ELESS expr
   56            | expr . EGREATER expr

    SEMI      偏移，并进入状态 87
    PLUS      偏移，并进入状态 75
    MINUS     偏移，并进入状态 76
    MUL       偏移，并进入状态 77
    DIV       偏移，并进入状态 78
    GREATER   偏移，并进入状态 79
    LESS      偏移，并进入状态 80
    EQUAL     偏移，并进入状态 81
    ELESS     偏移，并进入状态 82
    EGREATER  偏移，并进入状态 83
    NEQUAL    偏移，并进入状态 84


状态 68

   36 iteration_stmt: WHILE LBRACE . expr RBRACE compound_stmt

    error       偏移，并进入状态 11
    IDENTIFIER  偏移，并进入状态 12
    INT_CONST   偏移，并进入状态 32
    LPAREN      偏移，并进入状态 43
    MINUS       偏移，并进入状态 44

    id           转到状态 48
    expr         转到状态 88
    comparision  转到状态 57
    numeric      转到状态 58


状态 69

   46 expr: id ASSIGN . expr

    error       偏移，并进入状态 11
    IDENTIFIER  偏移，并进入状态 12
    INT_CONST   偏移，并进入状态 32
    LPAREN      偏移，并进入状态 43
    MINUS       偏移，并进入状态 44

    id           转到状态 48
    expr         转到状态 89
    comparision  转到状态 57
    numeric      转到状态 58


状态 70

   47 expr: id LBRACE . args RBRACE

    error       偏移，并进入状态 11
    IDENTIFIER  偏移，并进入状态 12
    INT_CONST   偏移，并进入状态 32
    LPAREN      偏移，并进入状态 43
    MINUS       偏移，并进入状态 44

    COMMA   使用规则 58 以归约 (args)
    RBRACE  使用规则 58 以归约 (args)

    id           转到状态 48
    expr         转到状态 90
    comparision  转到状态 57
    numeric      转到状态 58
    args         转到状态 91


状态 71

   48 expr: id LBRACKET . expr RBRACKET

    error       偏移，并进入状态 11
    IDENTIFIER  偏移，并进入状态 12
    INT_CONST   偏移，并进入状态 32
    LPAREN      偏移，并进入状态 43
    MINUS       偏移，并进入状态 44

    id           转到状态 48
    expr         转到状态 92
    comparision  转到状态 57
    numeric      转到状态 58


状态 72

   23 compound_stmt: LBRACE stmt_list RBRACE .

    $default  使用规则 23 以归约 (compound_stmt)


状态 73

   25 stmt_list: stmt_list stmt .

    $default  使用规则 25 以归约 (stmt_list)


状态 74

   34 expr_stmt: expr SEMI .

    $default  使用规则 34 以归约 (expr_stmt)


状态 75

   41 expr: expr PLUS . expr

    error       偏移，并进入状态 11
    IDENTIFIER  偏移，并进入状态 12
    INT_CONST   偏移，并进入状态 32
    LPAREN      偏移，并进入状态 43
    MINUS       偏移，并进入状态 44

    id           转到状态 48
    expr         转到状态 93
    comparision  转到状态 57
    numeric      转到状态 58


状态 76

   42 expr: expr MINUS . expr

    error       偏移，并进入状态 11
    IDENTIFIER  偏移，并进入状态 12
    INT_CONST   偏移，并进入状态 32
    LPAREN      偏移，并进入状态 43
    MINUS       偏移，并进入状态 44

    id           转到状态 48
    expr         转到状态 94
    comparision  转到状态 57
    numeric      转到状态 58


状态 77

   43 expr: expr MUL . expr

    error       偏移，并进入状态 11
    IDENTIFIER  偏移，并进入状态 12
    INT_CONST   偏移，并进入状态 32
    LPAREN      偏移，并进入状态 43
    MINUS       偏移，并进入状态 44

    id           转到状态 48
    expr         转到状态 95
    comparision  转到状态 57
    numeric      转到状态 58


状态 78

   44 expr: expr DIV . expr

    error       偏移，并进入状态 11
    IDENTIFIER  偏移，并进入状态 12
    INT_CONST   偏移，并进入状态 32
    LPAREN      偏移，并进入状态 43
    MINUS       偏移，并进入状态 44

    id           转到状态 48
    expr         转到状态 96
    comparision  转到状态 57
    numeric      转到状态 58


状态 79

   52 comparision: expr GREATER . expr

    error       偏移，并进入状态 11
    IDENTIFIER  偏移，并进入状态 12
    INT_CONST   偏移，并进入状态 32
    LPAREN      偏移，并进入状态 43
    MINUS       偏移，并进入状态 44

    id           转到状态 48
    expr         转到状态 97
    comparision  转到状态 57
    numeric      转到状态 58


状态 80

   51 comparision: expr LESS . expr

    error       偏移，并进入状态 11
    IDENTIFIER  偏移，并进入状态 12
    INT_CONST   偏移，并进入状态 32
    LPAREN      偏移，并进入状态 43
    MINUS       偏移，并进入状态 44

    id           转到状态 48
    expr         转到状态 98
    comparision  转到状态 57
    numeric      转到状态 58


状态 81

   53 comparision: expr EQUAL . expr

    error       偏移，并进入状态 11
    IDENTIFIER  偏移，并进入状态 12
    INT_CONST   偏移，并进入状态 32
    LPAREN      偏移，并进入状态 43
    MINUS       偏移，并进入状态 44

    id           转到状态 48
    expr         转到状态 99
    comparision  转到状态 57
    numeric      转到状态 58


状态 82

   55 comparision: expr ELESS . expr

    error       偏移，并进入状态 11
    IDENTIFIER  偏移，并进入状态 12
    INT_CONST   偏移，并进入状态 32
    LPAREN      偏移，并进入状态 43
    MINUS       偏移，并进入状态 44

    id           转到状态 48
    expr         转到状态 100
    comparision  转到状态 57
    numeric      转到状态 58


状态 83

   56 comparision: expr EGREATER . expr

    error       偏移，并进入状态 11
    IDENTIFIER  偏移，并进入状态 12
    INT_CONST   偏移，并进入状态 32
    LPAREN      偏移，并进入状态 43
    MINUS       偏移，并进入状态 44

    id           转到状态 48
    expr         转到状态 101
    comparision  转到状态 57
    numeric      转到状态 58


状态 84

   54 comparision: expr NEQUAL . expr

    error       偏移，并进入状态 11
    IDENTIFIER  偏移，并进入状态 12
    INT_CONST   偏移，并进入状态 32
    LPAREN      偏移，并进入状态 43
    MINUS       偏移，并进入状态 44

    id           转到状态 48
    expr         转到状态 102
    comparision  转到状态 57
    numeric      转到状态 58


状态 85

   40 expr: LPAREN expr RPAREN .

    $default  使用规则 40 以归约 (expr)


状态 86

   32 selection_stmt: IF LPAREN expr . RPAREN stmt_list
   33               | IF LPAREN expr . RPAREN stmt ELSE stmt_list
   41 expr: expr . PLUS expr
   42     | expr . MINUS expr
   43     | expr . MUL expr
   44     | expr . DIV expr
   51 comparision: expr . LESS expr
   52            | expr . GREATER expr
   53            | expr . EQUAL expr
   54            | expr . NEQUAL expr
   55            | expr . ELESS expr
   56            | expr . EGREATER expr

    RPAREN    偏移，并进入状态 103
    PLUS      偏移，并进入状态 75
    MINUS     偏移，并进入状态 76
    MUL       偏移，并进入状态 77
    DIV       偏移，并进入状态 78
    GREATER   偏移，并进入状态 79
    LESS      偏移，并进入状态 80
    EQUAL     偏移，并进入状态 81
    ELESS     偏移，并进入状态 82
    EGREATER  偏移，并进入状态 83
    NEQUAL    偏移，并进入状态 84


状态 87

   38 return_stmt: RETURN expr SEMI .

    $default  使用规则 38 以归约 (return_stmt)


状态 88

   36 iteration_stmt: WHILE LBRACE expr . RBRACE compound_stmt
   41 expr: expr . PLUS expr
   42     | expr . MINUS expr
   43     | expr . MUL expr
   44     | expr . DIV expr
   51 comparision: expr . LESS expr
   52            | expr . GREATER expr
   53            | expr . EQUAL expr
   54            | expr . NEQUAL expr
   55            | expr . ELESS expr
   56            | expr . EGREATER expr

    RBRACE    偏移，并进入状态 104
    PLUS      偏移，并进入状态 75
    MINUS     偏移，并进入状态 76
    MUL       偏移，并进入状态 77
    DIV       偏移，并进入状态 78
    GREATER   偏移，并进入状态 79
    LESS      偏移，并进入状态 80
    EQUAL     偏移，并进入状态 81
    ELESS     偏移，并进入状态 82
    EGREATER  偏移，并进入状态 83
    NEQUAL    偏移，并进入状态 84


状态 89

   41 expr: expr . PLUS expr
   42     | expr . MINUS expr
   43     | expr . MUL expr
   44     | expr . DIV expr
   46     | id ASSIGN expr .
   51 comparision: expr . LESS expr
   52            | expr . GREATER expr
   53            | expr . EQUAL expr
   54            | expr . NEQUAL expr
   55            | expr . ELESS expr
   56            | expr . EGREATER expr

    PLUS      偏移，并进入状态 75
    MINUS     偏移，并进入状态 76
    MUL       偏移，并进入状态 77
    DIV       偏移，并进入状态 78
    GREATER   偏移，并进入状态 79
    LESS      偏移，并进入状态 80
    EQUAL     偏移，并进入状态 81
    ELESS     偏移，并进入状态 82
    EGREATER  偏移，并进入状态 83
    NEQUAL    偏移，并进入状态 84

    $default  使用规则 46 以归约 (expr)

    Conflict between rule 46 and token PLUS resolved as shift (ASSIGN < PLUS).
    Conflict between rule 46 and token MINUS resolved as shift (ASSIGN < MINUS).
    Conflict between rule 46 and token MUL resolved as shift (ASSIGN < MUL).
    Conflict between rule 46 and token DIV resolved as shift (ASSIGN < DIV).
    Conflict between rule 46 and token GREATER resolved as shift (ASSIGN < GREATER).
    Conflict between rule 46 and token LESS resolved as shift (ASSIGN < LESS).
    Conflict between rule 46 and token EQUAL resolved as shift (ASSIGN < EQUAL).
    Conflict between rule 46 and token ELESS resolved as shift (ASSIGN < ELESS).
    Conflict between rule 46 and token EGREATER resolved as shift (ASSIGN < EGREATER).
    Conflict between rule 46 and token NEQUAL resolved as shift (ASSIGN < NEQUAL).


状态 90

   41 expr: expr . PLUS expr
   42     | expr . MINUS expr
   43     | expr . MUL expr
   44     | expr . DIV expr
   51 comparision: expr . LESS expr
   52            | expr . GREATER expr
   53            | expr . EQUAL expr
   54            | expr . NEQUAL expr
   55            | expr . ELESS expr
   56            | expr . EGREATER expr
   59 args: expr .

    PLUS      偏移，并进入状态 75
    MINUS     偏移，并进入状态 76
    MUL       偏移，并进入状态 77
    DIV       偏移，并进入状态 78
    GREATER   偏移，并进入状态 79
    LESS      偏移，并进入状态 80
    EQUAL     偏移，并进入状态 81
    ELESS     偏移，并进入状态 82
    EGREATER  偏移，并进入状态 83
    NEQUAL    偏移，并进入状态 84

    $default  使用规则 59 以归约 (args)


状态 91

   47 expr: id LBRACE args . RBRACE
   60 args: args . COMMA expr

    COMMA   偏移，并进入状态 105
    RBRACE  偏移，并进入状态 106


状态 92

   41 expr: expr . PLUS expr
   42     | expr . MINUS expr
   43     | expr . MUL expr
   44     | expr . DIV expr
   48     | id LBRACKET expr . RBRACKET
   51 comparision: expr . LESS expr
   52            | expr . GREATER expr
   53            | expr . EQUAL expr
   54            | expr . NEQUAL expr
   55            | expr . ELESS expr
   56            | expr . EGREATER expr

    RBRACKET  偏移，并进入状态 107
    PLUS      偏移，并进入状态 75
    MINUS     偏移，并进入状态 76
    MUL       偏移，并进入状态 77
    DIV       偏移，并进入状态 78
    GREATER   偏移，并进入状态 79
    LESS      偏移，并进入状态 80
    EQUAL     偏移，并进入状态 81
    ELESS     偏移，并进入状态 82
    EGREATER  偏移，并进入状态 83
    NEQUAL    偏移，并进入状态 84


状态 93

   41 expr: expr . PLUS expr
   41     | expr PLUS expr .
   42     | expr . MINUS expr
   43     | expr . MUL expr
   44     | expr . DIV expr
   51 comparision: expr . LESS expr
   52            | expr . GREATER expr
   53            | expr . EQUAL expr
   54            | expr . NEQUAL expr
   55            | expr . ELESS expr
   56            | expr . EGREATER expr

    MUL  偏移，并进入状态 77
    DIV  偏移，并进入状态 78

    $default  使用规则 41 以归约 (expr)

    Conflict between rule 41 and token PLUS resolved as reduce (%left PLUS).
    Conflict between rule 41 and token MINUS resolved as reduce (%left MINUS).
    Conflict between rule 41 and token MUL resolved as shift (PLUS < MUL).
    Conflict between rule 41 and token DIV resolved as shift (PLUS < DIV).
    Conflict between rule 41 and token GREATER resolved as reduce (GREATER < PLUS).
    Conflict between rule 41 and token LESS resolved as reduce (LESS < PLUS).
    Conflict between rule 41 and token EQUAL resolved as reduce (EQUAL < PLUS).
    Conflict between rule 41 and token ELESS resolved as reduce (ELESS < PLUS).
    Conflict between rule 41 and token EGREATER resolved as reduce (EGREATER < PLUS).
    Conflict between rule 41 and token NEQUAL resolved as reduce (NEQUAL < PLUS).


状态 94

   41 expr: expr . PLUS expr
   42     | expr . MINUS expr
   42     | expr MINUS expr .
   43     | expr . MUL expr
   44     | expr . DIV expr
   51 comparision: expr . LESS expr
   52            | expr . GREATER expr
   53            | expr . EQUAL expr
   54            | expr . NEQUAL expr
   55            | expr . ELESS expr
   56            | expr . EGREATER expr

    MUL  偏移，并进入状态 77
    DIV  偏移，并进入状态 78

    $default  使用规则 42 以归约 (expr)

    Conflict between rule 42 and token PLUS resolved as reduce (%left PLUS).
    Conflict between rule 42 and token MINUS resolved as reduce (%left MINUS).
    Conflict between rule 42 and token MUL resolved as shift (MINUS < MUL).
    Conflict between rule 42 and token DIV resolved as shift (MINUS < DIV).
    Conflict between rule 42 and token GREATER resolved as reduce (GREATER < MINUS).
    Conflict between rule 42 and token LESS resolved as reduce (LESS < MINUS).
    Conflict between rule 42 and token EQUAL resolved as reduce (EQUAL < MINUS).
    Conflict between rule 42 and token ELESS resolved as reduce (ELESS < MINUS).
    Conflict between rule 42 and token EGREATER resolved as reduce (EGREATER < MINUS).
    Conflict between rule 42 and token NEQUAL resolved as reduce (NEQUAL < MINUS).


状态 95

   41 expr: expr . PLUS expr
   42     | expr . MINUS expr
   43     | expr . MUL expr
   43     | expr MUL expr .
   44     | expr . DIV expr
   51 comparision: expr . LESS expr
   52            | expr . GREATER expr
   53            | expr . EQUAL expr
   54            | expr . NEQUAL expr
   55            | expr . ELESS expr
   56            | expr . EGREATER expr

    $default  使用规则 43 以归约 (expr)

    Conflict between rule 43 and token PLUS resolved as reduce (PLUS < MUL).
    Conflict between rule 43 and token MINUS resolved as reduce (MINUS < MUL).
    Conflict between rule 43 and token MUL resolved as reduce (%left MUL).
    Conflict between rule 43 and token DIV resolved as reduce (%left DIV).
    Conflict between rule 43 and token GREATER resolved as reduce (GREATER < MUL).
    Conflict between rule 43 and token LESS resolved as reduce (LESS < MUL).
    Conflict between rule 43 and token EQUAL resolved as reduce (EQUAL < MUL).
    Conflict between rule 43 and token ELESS resolved as reduce (ELESS < MUL).
    Conflict between rule 43 and token EGREATER resolved as reduce (EGREATER < MUL).
    Conflict between rule 43 and token NEQUAL resolved as reduce (NEQUAL < MUL).


状态 96

   41 expr: expr . PLUS expr
   42     | expr . MINUS expr
   43     | expr . MUL expr
   44     | expr . DIV expr
   44     | expr DIV expr .
   51 comparision: expr . LESS expr
   52            | expr . GREATER expr
   53            | expr . EQUAL expr
   54            | expr . NEQUAL expr
   55            | expr . ELESS expr
   56            | expr . EGREATER expr

    $default  使用规则 44 以归约 (expr)

    Conflict between rule 44 and token PLUS resolved as reduce (PLUS < DIV).
    Conflict between rule 44 and token MINUS resolved as reduce (MINUS < DIV).
    Conflict between rule 44 and token MUL resolved as reduce (%left MUL).
    Conflict between rule 44 and token DIV resolved as reduce (%left DIV).
    Conflict between rule 44 and token GREATER resolved as reduce (GREATER < DIV).
    Conflict between rule 44 and token LESS resolved as reduce (LESS < DIV).
    Conflict between rule 44 and token EQUAL resolved as reduce (EQUAL < DIV).
    Conflict between rule 44 and token ELESS resolved as reduce (ELESS < DIV).
    Conflict between rule 44 and token EGREATER resolved as reduce (EGREATER < DIV).
    Conflict between rule 44 and token NEQUAL resolved as reduce (NEQUAL < DIV).


状态 97

   41 expr: expr . PLUS expr
   42     | expr . MINUS expr
   43     | expr . MUL expr
   44     | expr . DIV expr
   51 comparision: expr . LESS expr
   52            | expr . GREATER expr
   52            | expr GREATER expr .
   53            | expr . EQUAL expr
   54            | expr . NEQUAL expr
   55            | expr . ELESS expr
   56            | expr . EGREATER expr

    PLUS   偏移，并进入状态 75
    MINUS  偏移，并进入状态 76
    MUL    偏移，并进入状态 77
    DIV    偏移，并进入状态 78

    $default  使用规则 52 以归约 (comparision)

    Conflict between rule 52 and token PLUS resolved as shift (GREATER < PLUS).
    Conflict between rule 52 and token MINUS resolved as shift (GREATER < MINUS).
    Conflict between rule 52 and token MUL resolved as shift (GREATER < MUL).
    Conflict between rule 52 and token DIV resolved as shift (GREATER < DIV).
    Conflict between rule 52 and token GREATER resolved as reduce (%left GREATER).
    Conflict between rule 52 and token LESS resolved as reduce (%left LESS).
    Conflict between rule 52 and token EQUAL resolved as reduce (%left EQUAL).
    Conflict between rule 52 and token ELESS resolved as reduce (%left ELESS).
    Conflict between rule 52 and token EGREATER resolved as reduce (%left EGREATER).
    Conflict between rule 52 and token NEQUAL resolved as reduce (%left NEQUAL).


状态 98

   41 expr: expr . PLUS expr
   42     | expr . MINUS expr
   43     | expr . MUL expr
   44     | expr . DIV expr
   51 comparision: expr . LESS expr
   51            | expr LESS expr .
   52            | expr . GREATER expr
   53            | expr . EQUAL expr
   54            | expr . NEQUAL expr
   55            | expr . ELESS expr
   56            | expr . EGREATER expr

    PLUS   偏移，并进入状态 75
    MINUS  偏移，并进入状态 76
    MUL    偏移，并进入状态 77
    DIV    偏移，并进入状态 78

    $default  使用规则 51 以归约 (comparision)

    Conflict between rule 51 and token PLUS resolved as shift (LESS < PLUS).
    Conflict between rule 51 and token MINUS resolved as shift (LESS < MINUS).
    Conflict between rule 51 and token MUL resolved as shift (LESS < MUL).
    Conflict between rule 51 and token DIV resolved as shift (LESS < DIV).
    Conflict between rule 51 and token GREATER resolved as reduce (%left GREATER).
    Conflict between rule 51 and token LESS resolved as reduce (%left LESS).
    Conflict between rule 51 and token EQUAL resolved as reduce (%left EQUAL).
    Conflict between rule 51 and token ELESS resolved as reduce (%left ELESS).
    Conflict between rule 51 and token EGREATER resolved as reduce (%left EGREATER).
    Conflict between rule 51 and token NEQUAL resolved as reduce (%left NEQUAL).


状态 99

   41 expr: expr . PLUS expr
   42     | expr . MINUS expr
   43     | expr . MUL expr
   44     | expr . DIV expr
   51 comparision: expr . LESS expr
   52            | expr . GREATER expr
   53            | expr . EQUAL expr
   53            | expr EQUAL expr .
   54            | expr . NEQUAL expr
   55            | expr . ELESS expr
   56            | expr . EGREATER expr

    PLUS   偏移，并进入状态 75
    MINUS  偏移，并进入状态 76
    MUL    偏移，并进入状态 77
    DIV    偏移，并进入状态 78

    $default  使用规则 53 以归约 (comparision)

    Conflict between rule 53 and token PLUS resolved as shift (EQUAL < PLUS).
    Conflict between rule 53 and token MINUS resolved as shift (EQUAL < MINUS).
    Conflict between rule 53 and token MUL resolved as shift (EQUAL < MUL).
    Conflict between rule 53 and token DIV resolved as shift (EQUAL < DIV).
    Conflict between rule 53 and token GREATER resolved as reduce (%left GREATER).
    Conflict between rule 53 and token LESS resolved as reduce (%left LESS).
    Conflict between rule 53 and token EQUAL resolved as reduce (%left EQUAL).
    Conflict between rule 53 and token ELESS resolved as reduce (%left ELESS).
    Conflict between rule 53 and token EGREATER resolved as reduce (%left EGREATER).
    Conflict between rule 53 and token NEQUAL resolved as reduce (%left NEQUAL).


状态 100

   41 expr: expr . PLUS expr
   42     | expr . MINUS expr
   43     | expr . MUL expr
   44     | expr . DIV expr
   51 comparision: expr . LESS expr
   52            | expr . GREATER expr
   53            | expr . EQUAL expr
   54            | expr . NEQUAL expr
   55            | expr . ELESS expr
   55            | expr ELESS expr .
   56            | expr . EGREATER expr

    PLUS   偏移，并进入状态 75
    MINUS  偏移，并进入状态 76
    MUL    偏移，并进入状态 77
    DIV    偏移，并进入状态 78

    $default  使用规则 55 以归约 (comparision)

    Conflict between rule 55 and token PLUS resolved as shift (ELESS < PLUS).
    Conflict between rule 55 and token MINUS resolved as shift (ELESS < MINUS).
    Conflict between rule 55 and token MUL resolved as shift (ELESS < MUL).
    Conflict between rule 55 and token DIV resolved as shift (ELESS < DIV).
    Conflict between rule 55 and token GREATER resolved as reduce (%left GREATER).
    Conflict between rule 55 and token LESS resolved as reduce (%left LESS).
    Conflict between rule 55 and token EQUAL resolved as reduce (%left EQUAL).
    Conflict between rule 55 and token ELESS resolved as reduce (%left ELESS).
    Conflict between rule 55 and token EGREATER resolved as reduce (%left EGREATER).
    Conflict between rule 55 and token NEQUAL resolved as reduce (%left NEQUAL).


状态 101

   41 expr: expr . PLUS expr
   42     | expr . MINUS expr
   43     | expr . MUL expr
   44     | expr . DIV expr
   51 comparision: expr . LESS expr
   52            | expr . GREATER expr
   53            | expr . EQUAL expr
   54            | expr . NEQUAL expr
   55            | expr . ELESS expr
   56            | expr . EGREATER expr
   56            | expr EGREATER expr .

    PLUS   偏移，并进入状态 75
    MINUS  偏移，并进入状态 76
    MUL    偏移，并进入状态 77
    DIV    偏移，并进入状态 78

    $default  使用规则 56 以归约 (comparision)

    Conflict between rule 56 and token PLUS resolved as shift (EGREATER < PLUS).
    Conflict between rule 56 and token MINUS resolved as shift (EGREATER < MINUS).
    Conflict between rule 56 and token MUL resolved as shift (EGREATER < MUL).
    Conflict between rule 56 and token DIV resolved as shift (EGREATER < DIV).
    Conflict between rule 56 and token GREATER resolved as reduce (%left GREATER).
    Conflict between rule 56 and token LESS resolved as reduce (%left LESS).
    Conflict between rule 56 and token EQUAL resolved as reduce (%left EQUAL).
    Conflict between rule 56 and token ELESS resolved as reduce (%left ELESS).
    Conflict between rule 56 and token EGREATER resolved as reduce (%left EGREATER).
    Conflict between rule 56 and token NEQUAL resolved as reduce (%left NEQUAL).


状态 102

   41 expr: expr . PLUS expr
   42     | expr . MINUS expr
   43     | expr . MUL expr
   44     | expr . DIV expr
   51 comparision: expr . LESS expr
   52            | expr . GREATER expr
   53            | expr . EQUAL expr
   54            | expr . NEQUAL expr
   54            | expr NEQUAL expr .
   55            | expr . ELESS expr
   56            | expr . EGREATER expr

    PLUS   偏移，并进入状态 75
    MINUS  偏移，并进入状态 76
    MUL    偏移，并进入状态 77
    DIV    偏移，并进入状态 78

    $default  使用规则 54 以归约 (comparision)

    Conflict between rule 54 and token PLUS resolved as shift (NEQUAL < PLUS).
    Conflict between rule 54 and token MINUS resolved as shift (NEQUAL < MINUS).
    Conflict between rule 54 and token MUL resolved as shift (NEQUAL < MUL).
    Conflict between rule 54 and token DIV resolved as shift (NEQUAL < DIV).
    Conflict between rule 54 and token GREATER resolved as reduce (%left GREATER).
    Conflict between rule 54 and token LESS resolved as reduce (%left LESS).
    Conflict between rule 54 and token EQUAL resolved as reduce (%left EQUAL).
    Conflict between rule 54 and token ELESS resolved as reduce (%left ELESS).
    Conflict between rule 54 and token EGREATER resolved as reduce (%left EGREATER).
    Conflict between rule 54 and token NEQUAL resolved as reduce (%left NEQUAL).


状态 103

   32 selection_stmt: IF LPAREN expr RPAREN . stmt_list
   33               | IF LPAREN expr RPAREN . stmt ELSE stmt_list

    error       偏移，并进入状态 11
    IDENTIFIER  偏移，并进入状态 12
    INT_CONST   偏移，并进入状态 32
    SEMI        偏移，并进入状态 42
    LPAREN      偏移，并进入状态 43
    LBRACE      偏移，并进入状态 35
    MINUS       偏移，并进入状态 44
    IF          偏移，并进入状态 45
    RETURN      偏移，并进入状态 46
    WHILE       偏移，并进入状态 47

    error       [使用规则 26 以归约 (stmt_list)]
    IDENTIFIER  [使用规则 26 以归约 (stmt_list)]
    INT_CONST   [使用规则 26 以归约 (stmt_list)]
    SEMI        [使用规则 26 以归约 (stmt_list)]
    LPAREN      [使用规则 26 以归约 (stmt_list)]
    RBRACE      使用规则 26 以归约 (stmt_list)
    LBRACE      [使用规则 26 以归约 (stmt_list)]
    MINUS       [使用规则 26 以归约 (stmt_list)]
    IF          [使用规则 26 以归约 (stmt_list)]
    ELSE        使用规则 26 以归约 (stmt_list)
    RETURN      [使用规则 26 以归约 (stmt_list)]
    WHILE       [使用规则 26 以归约 (stmt_list)]

    id              转到状态 48
    compound_stmt   转到状态 49
    stmt_list       转到状态 108
    stmt            转到状态 109
    selection_stmt  转到状态 52
    expr_stmt       转到状态 53
    iteration_stmt  转到状态 54
    return_stmt     转到状态 55
    expr            转到状态 56
    comparision     转到状态 57
    numeric         转到状态 58


状态 104

   36 iteration_stmt: WHILE LBRACE expr RBRACE . compound_stmt

    LBRACE  偏移，并进入状态 35

    compound_stmt  转到状态 110


状态 105

   60 args: args COMMA . expr

    error       偏移，并进入状态 11
    IDENTIFIER  偏移，并进入状态 12
    INT_CONST   偏移，并进入状态 32
    LPAREN      偏移，并进入状态 43
    MINUS       偏移，并进入状态 44

    id           转到状态 48
    expr         转到状态 111
    comparision  转到状态 57
    numeric      转到状态 58


状态 106

   47 expr: id LBRACE args RBRACE .

    $default  使用规则 47 以归约 (expr)


状态 107

   48 expr: id LBRACKET expr RBRACKET .

    $default  使用规则 48 以归约 (expr)


状态 108

   25 stmt_list: stmt_list . stmt
   32 selection_stmt: IF LPAREN expr RPAREN stmt_list .

    error       偏移，并进入状态 11
    IDENTIFIER  偏移，并进入状态 12
    INT_CONST   偏移，并进入状态 32
    SEMI        偏移，并进入状态 42
    LBRACE      偏移，并进入状态 35
    IF          偏移，并进入状态 45
    RETURN      偏移，并进入状态 46
    WHILE       偏移，并进入状态 47

    error       [使用规则 32 以归约 (selection_stmt)]
    IDENTIFIER  [使用规则 32 以归约 (selection_stmt)]
    INT_CONST   [使用规则 32 以归约 (selection_stmt)]
    SEMI        [使用规则 32 以归约 (selection_stmt)]
    LPAREN      使用规则 32 以归约 (selection_stmt)
    RBRACE      使用规则 32 以归约 (selection_stmt)
    LBRACE      [使用规则 32 以归约 (selection_stmt)]
    MINUS       使用规则 32 以归约 (selection_stmt)
    IF          [使用规则 32 以归约 (selection_stmt)]
    ELSE        使用规则 32 以归约 (selection_stmt)
    RETURN      [使用规则 32 以归约 (selection_stmt)]
    WHILE       [使用规则 32 以归约 (selection_stmt)]

    id              转到状态 48
    compound_stmt   转到状态 49
    stmt            转到状态 73
    selection_stmt  转到状态 52
    expr_stmt       转到状态 53
    iteration_stmt  转到状态 54
    return_stmt     转到状态 55
    expr            转到状态 56
    comparision     转到状态 57
    numeric         转到状态 58

    Conflict between rule 32 and token LPAREN resolved as reduce (LPAREN < NO_ELSE).
    Conflict between rule 32 and token MINUS resolved as reduce (MINUS < NO_ELSE).


状态 109

   24 stmt_list: stmt .
   33 selection_stmt: IF LPAREN expr RPAREN stmt . ELSE stmt_list

    ELSE  偏移，并进入状态 112

    ELSE      [使用规则 24 以归约 (stmt_list)]
    $default  使用规则 24 以归约 (stmt_list)


状态 110

   36 iteration_stmt: WHILE LBRACE expr RBRACE compound_stmt .

    $default  使用规则 36 以归约 (iteration_stmt)


状态 111

   41 expr: expr . PLUS expr
   42     | expr . MINUS expr
   43     | expr . MUL expr
   44     | expr . DIV expr
   51 comparision: expr . LESS expr
   52            | expr . GREATER expr
   53            | expr . EQUAL expr
   54            | expr . NEQUAL expr
   55            | expr . ELESS expr
   56            | expr . EGREATER expr
   60 args: args COMMA expr .

    PLUS      偏移，并进入状态 75
    MINUS     偏移，并进入状态 76
    MUL       偏移，并进入状态 77
    DIV       偏移，并进入状态 78
    GREATER   偏移，并进入状态 79
    LESS      偏移，并进入状态 80
    EQUAL     偏移，并进入状态 81
    ELESS     偏移，并进入状态 82
    EGREATER  偏移，并进入状态 83
    NEQUAL    偏移，并进入状态 84

    $default  使用规则 60 以归约 (args)


状态 112

   33 selection_stmt: IF LPAREN expr RPAREN stmt ELSE . stmt_list

    error       偏移，并进入状态 11
    IDENTIFIER  偏移，并进入状态 12
    INT_CONST   偏移，并进入状态 32
    SEMI        偏移，并进入状态 42
    LPAREN      偏移，并进入状态 43
    LBRACE      偏移，并进入状态 35
    MINUS       偏移，并进入状态 44
    IF          偏移，并进入状态 45
    RETURN      偏移，并进入状态 46
    WHILE       偏移，并进入状态 47

    error       [使用规则 26 以归约 (stmt_list)]
    IDENTIFIER  [使用规则 26 以归约 (stmt_list)]
    INT_CONST   [使用规则 26 以归约 (stmt_list)]
    SEMI        [使用规则 26 以归约 (stmt_list)]
    LPAREN      [使用规则 26 以归约 (stmt_list)]
    RBRACE      使用规则 26 以归约 (stmt_list)
    LBRACE      [使用规则 26 以归约 (stmt_list)]
    MINUS       [使用规则 26 以归约 (stmt_list)]
    IF          [使用规则 26 以归约 (stmt_list)]
    ELSE        使用规则 26 以归约 (stmt_list)
    RETURN      [使用规则 26 以归约 (stmt_list)]
    WHILE       [使用规则 26 以归约 (stmt_list)]

    id              转到状态 48
    compound_stmt   转到状态 49
    stmt_list       转到状态 113
    stmt            转到状态 51
    selection_stmt  转到状态 52
    expr_stmt       转到状态 53
    iteration_stmt  转到状态 54
    return_stmt     转到状态 55
    expr            转到状态 56
    comparision     转到状态 57
    numeric         转到状态 58


状态 113

   25 stmt_list: stmt_list . stmt
   33 selection_stmt: IF LPAREN expr RPAREN stmt ELSE stmt_list .

    error       偏移，并进入状态 11
    IDENTIFIER  偏移，并进入状态 12
    INT_CONST   偏移，并进入状态 32
    SEMI        偏移，并进入状态 42
    LBRACE      偏移，并进入状态 35
    IF          偏移，并进入状态 45
    RETURN      偏移，并进入状态 46
    WHILE       偏移，并进入状态 47

    error       [使用规则 33 以归约 (selection_stmt)]
    IDENTIFIER  [使用规则 33 以归约 (selection_stmt)]
    INT_CONST   [使用规则 33 以归约 (selection_stmt)]
    SEMI        [使用规则 33 以归约 (selection_stmt)]
    LPAREN      使用规则 33 以归约 (selection_stmt)
    RBRACE      使用规则 33 以归约 (selection_stmt)
    LBRACE      [使用规则 33 以归约 (selection_stmt)]
    MINUS       使用规则 33 以归约 (selection_stmt)
    IF          [使用规则 33 以归约 (selection_stmt)]
    ELSE        使用规则 33 以归约 (selection_stmt)
    RETURN      [使用规则 33 以归约 (selection_stmt)]
    WHILE       [使用规则 33 以归约 (selection_stmt)]

    id              转到状态 48
    compound_stmt   转到状态 49
    stmt            转到状态 73
    selection_stmt  转到状态 52
    expr_stmt       转到状态 53
    iteration_stmt  转到状态 54
    return_stmt     转到状态 55
    expr            转到状态 56
    comparision     转到状态 57
    numeric         转到状态 58

    Conflict between rule 33 and token LPAREN resolved as reduce (LPAREN < ELSE).
    Conflict between rule 33 and token MINUS resolved as reduce (MINUS < ELSE).
