语法

    0 $accept: program "end of file"

    1 program: declaration_list
    2        | %empty

    3 id: IDENTIFIER

    4 declaration_list: declaration
    5                 | declaration_list declaration

    6 declaration: var_declaration
    7            | func_declaration

    8 var_declaration: var_type id SEMI
    9                | var_type id LBRACKET expr RBRACKET SEMI

   10 var_type: INT

   11 func_declaration: VOID id LPAREN params RPAREN compound_stmt
   12                 | var_type id LPAREN params RPAREN compound_stmt
   13                 | error LPAREN param RPAREN compound_stmt

   14 params: %empty
   15       | VOID
   16       | param_list

   17 param_list: param
   18           | param_list COMMA param

   19 param: var_type id
   20      | var_type id LBRACKET RBRACKET

   21 compound_stmt: LBRACE stmt_list RBRACE
   22              | LBRACE RBRACE

   23 stmt_list: stmt
   24          | stmt_list stmt

   25 stmt: expr_stmt
   26     | var_declaration
   27     | compound_stmt
   28     | selection_stmt
   29     | iteration_stmt
   30     | return_stmt

   31 selection_stmt: IF LPAREN expr RPAREN stmt
   32               | IF LPAREN expr RPAREN stmt ELSE stmt

   33 expr_stmt: expr SEMI
   34          | SEMI

   35 iteration_stmt: WHILE LPAREN expr RPAREN stmt

   36 return_stmt: RETURN SEMI
   37            | RETURN expr SEMI

   38 expr: comparision
   39     | LPAREN expr RPAREN
   40     | expr PLUS expr
   41     | expr MINUS expr
   42     | expr MUL expr
   43     | expr DIV expr
   44     | MINUS expr
   45     | id ASSIGN expr
   46     | id LPAREN args RPAREN
   47     | array_ref ASSIGN expr
   48     | numeric
   49     | array_ref
   50     | id

   51 array_ref: IDENTIFIER LBRACKET expr RBRACKET

   52 comparision: expr LESS expr
   53            | expr GREATER expr
   54            | expr EQUAL expr
   55            | expr NEQUAL expr
   56            | expr ELESS expr
   57            | expr EGREATER expr

   58 numeric: INT_CONST

   59 args: %empty
   60     | expr
   61     | args COMMA expr


终结语词，附有它们出现处的规则

    "end of file" <TOKEN> (0) 0
    error (256) 13
    IDENTIFIER <STR> (258) 3 51
    INT_CONST <STR> (259) 58
    VOID <TOKEN> (260) 11 15
    INT <TOKEN> (261) 10
    ASSIGN <TOKEN> (262) 45 47
    SEMI <TOKEN> (263) 8 9 33 34 36 37
    COMMA <TOKEN> (264) 18 61
    LPAREN <TOKEN> (265) 11 12 13 31 32 35 39 46
    RPAREN <TOKEN> (266) 11 12 13 31 32 35 39 46
    RBRACE <TOKEN> (267) 21 22
    LBRACE <TOKEN> (268) 21 22
    LBRACKET <TOKEN> (269) 9 20 51
    RBRACKET <TOKEN> (270) 9 20 51
    PLUS <TOKEN> (271) 40
    MINUS <TOKEN> (272) 41 44
    MUL <TOKEN> (273) 42
    DIV <TOKEN> (274) 43
    GREATER <TOKEN> (275) 53
    LESS <TOKEN> (276) 52
    EQUAL <TOKEN> (277) 54
    ELESS <TOKEN> (278) 56
    EGREATER <TOKEN> (279) 57
    NEQUAL <TOKEN> (280) 55
    IF <TOKEN> (281) 31 32
    ELSE <TOKEN> (282) 32
    RETURN <TOKEN> (283) 36 37
    WHILE <TOKEN> (284) 35
    NEG (285)
    NO_ELSE (286)


非终结语词，附有它们出现处的规则

    $accept (32)
        on left: 0
    program <BLOCK> (33)
        on left: 1 2
        on right: 0
    id <IDENT> (34)
        on left: 3
        on right: 8 9 11 12 19 20 45 46 50
    declaration_list <BLOCK> (35)
        on left: 4 5
        on right: 1 5
    declaration <STMT> (36)
        on left: 6 7
        on right: 4 5
    var_declaration <STMT> (37)
        on left: 8 9
        on right: 6 26
    var_type <TYPE> (38)
        on left: 10
        on right: 8 9 12 19 20
    func_declaration <STMT> (39)
        on left: 11 12 13
        on right: 7
    params <FORMALS> (40)
        on left: 14 15 16
        on right: 11 12
    param_list <FORMALS> (41)
        on left: 17 18
        on right: 16 18
    param <STMT> (42)
        on left: 19 20
        on right: 13 17 18
    compound_stmt <BLOCK> (43)
        on left: 21 22
        on right: 11 12 13 27
    stmt_list <BLOCK> (44)
        on left: 23 24
        on right: 21 24
    stmt <STMT> (45)
        on left: 25 26 27 28 29 30
        on right: 23 24 31 32 35
    selection_stmt <STMT> (46)
        on left: 31 32
        on right: 28
    expr_stmt <STMT> (47)
        on left: 33 34
        on right: 25
    iteration_stmt <STMT> (48)
        on left: 35
        on right: 29
    return_stmt <STMT> (49)
        on left: 36 37
        on right: 30
    expr <EXPR> (50)
        on left: 38 39 40 41 42 43 44 45 46 47 48 49 50
        on right: 9 31 32 33 35 37 39 40 41 42 43 44 45 47 51 52 53 54 55 56 57 60 61
    array_ref <IDENT> (51)
        on left: 51
        on right: 47 49
    comparision <EXPR> (52)
        on left: 52 53 54 55 56 57
        on right: 38
    numeric <EXPR> (53)
        on left: 58
        on right: 48
    args <ARGS> (54)
        on left: 59 60 61
        on right: 46 61


状态 0

    0 $accept: . program "end of file"

    error  偏移，并进入状态 1
    VOID   偏移，并进入状态 2
    INT    偏移，并进入状态 3

    "end of file"  使用规则 2 以归约 (program)

    program           转到状态 4
    declaration_list  转到状态 5
    declaration       转到状态 6
    var_declaration   转到状态 7
    var_type          转到状态 8
    func_declaration  转到状态 9


状态 1

   13 func_declaration: error . LPAREN param RPAREN compound_stmt

    LPAREN  偏移，并进入状态 10


状态 2

   11 func_declaration: VOID . id LPAREN params RPAREN compound_stmt

    IDENTIFIER  偏移，并进入状态 11

    id  转到状态 12


状态 3

   10 var_type: INT .

    $default  使用规则 10 以归约 (var_type)


状态 4

    0 $accept: program . "end of file"

    "end of file"  偏移，并进入状态 13


状态 5

    1 program: declaration_list .
    5 declaration_list: declaration_list . declaration

    error  偏移，并进入状态 1
    VOID   偏移，并进入状态 2
    INT    偏移，并进入状态 3

    "end of file"  使用规则 1 以归约 (program)

    declaration       转到状态 14
    var_declaration   转到状态 7
    var_type          转到状态 8
    func_declaration  转到状态 9


状态 6

    4 declaration_list: declaration .

    $default  使用规则 4 以归约 (declaration_list)


状态 7

    6 declaration: var_declaration .

    $default  使用规则 6 以归约 (declaration)


状态 8

    8 var_declaration: var_type . id SEMI
    9                | var_type . id LBRACKET expr RBRACKET SEMI
   12 func_declaration: var_type . id LPAREN params RPAREN compound_stmt

    IDENTIFIER  偏移，并进入状态 11

    id  转到状态 15


状态 9

    7 declaration: func_declaration .

    $default  使用规则 7 以归约 (declaration)


状态 10

   13 func_declaration: error LPAREN . param RPAREN compound_stmt

    INT  偏移，并进入状态 3

    var_type  转到状态 16
    param     转到状态 17


状态 11

    3 id: IDENTIFIER .

    $default  使用规则 3 以归约 (id)


状态 12

   11 func_declaration: VOID id . LPAREN params RPAREN compound_stmt

    LPAREN  偏移，并进入状态 18


状态 13

    0 $accept: program "end of file" .

    $default  接受


状态 14

    5 declaration_list: declaration_list declaration .

    $default  使用规则 5 以归约 (declaration_list)


状态 15

    8 var_declaration: var_type id . SEMI
    9                | var_type id . LBRACKET expr RBRACKET SEMI
   12 func_declaration: var_type id . LPAREN params RPAREN compound_stmt

    SEMI      偏移，并进入状态 19
    LPAREN    偏移，并进入状态 20
    LBRACKET  偏移，并进入状态 21


状态 16

   19 param: var_type . id
   20      | var_type . id LBRACKET RBRACKET

    IDENTIFIER  偏移，并进入状态 11

    id  转到状态 22


状态 17

   13 func_declaration: error LPAREN param . RPAREN compound_stmt

    RPAREN  偏移，并进入状态 23


状态 18

   11 func_declaration: VOID id LPAREN . params RPAREN compound_stmt

    VOID  偏移，并进入状态 24
    INT   偏移，并进入状态 3

    $default  使用规则 14 以归约 (params)

    var_type    转到状态 16
    params      转到状态 25
    param_list  转到状态 26
    param       转到状态 27


状态 19

    8 var_declaration: var_type id SEMI .

    $default  使用规则 8 以归约 (var_declaration)


状态 20

   12 func_declaration: var_type id LPAREN . params RPAREN compound_stmt

    VOID  偏移，并进入状态 24
    INT   偏移，并进入状态 3

    $default  使用规则 14 以归约 (params)

    var_type    转到状态 16
    params      转到状态 28
    param_list  转到状态 26
    param       转到状态 27


状态 21

    9 var_declaration: var_type id LBRACKET . expr RBRACKET SEMI

    IDENTIFIER  偏移，并进入状态 29
    INT_CONST   偏移，并进入状态 30
    LPAREN      偏移，并进入状态 31
    MINUS       偏移，并进入状态 32

    id           转到状态 33
    expr         转到状态 34
    array_ref    转到状态 35
    comparision  转到状态 36
    numeric      转到状态 37


状态 22

   19 param: var_type id .
   20      | var_type id . LBRACKET RBRACKET

    LBRACKET  偏移，并进入状态 38

    $default  使用规则 19 以归约 (param)


状态 23

   13 func_declaration: error LPAREN param RPAREN . compound_stmt

    LBRACE  偏移，并进入状态 39

    compound_stmt  转到状态 40


状态 24

   15 params: VOID .

    $default  使用规则 15 以归约 (params)


状态 25

   11 func_declaration: VOID id LPAREN params . RPAREN compound_stmt

    RPAREN  偏移，并进入状态 41


状态 26

   16 params: param_list .
   18 param_list: param_list . COMMA param

    COMMA  偏移，并进入状态 42

    $default  使用规则 16 以归约 (params)


状态 27

   17 param_list: param .

    $default  使用规则 17 以归约 (param_list)


状态 28

   12 func_declaration: var_type id LPAREN params . RPAREN compound_stmt

    RPAREN  偏移，并进入状态 43


状态 29

    3 id: IDENTIFIER .
   51 array_ref: IDENTIFIER . LBRACKET expr RBRACKET

    LBRACKET  偏移，并进入状态 44

    $default  使用规则 3 以归约 (id)


状态 30

   58 numeric: INT_CONST .

    $default  使用规则 58 以归约 (numeric)


状态 31

   39 expr: LPAREN . expr RPAREN

    IDENTIFIER  偏移，并进入状态 29
    INT_CONST   偏移，并进入状态 30
    LPAREN      偏移，并进入状态 31
    MINUS       偏移，并进入状态 32

    id           转到状态 33
    expr         转到状态 45
    array_ref    转到状态 35
    comparision  转到状态 36
    numeric      转到状态 37


状态 32

   44 expr: MINUS . expr

    IDENTIFIER  偏移，并进入状态 29
    INT_CONST   偏移，并进入状态 30
    LPAREN      偏移，并进入状态 31
    MINUS       偏移，并进入状态 32

    id           转到状态 33
    expr         转到状态 46
    array_ref    转到状态 35
    comparision  转到状态 36
    numeric      转到状态 37


状态 33

   45 expr: id . ASSIGN expr
   46     | id . LPAREN args RPAREN
   50     | id .

    ASSIGN  偏移，并进入状态 47
    LPAREN  偏移，并进入状态 48

    $default  使用规则 50 以归约 (expr)


状态 34

    9 var_declaration: var_type id LBRACKET expr . RBRACKET SEMI
   40 expr: expr . PLUS expr
   41     | expr . MINUS expr
   42     | expr . MUL expr
   43     | expr . DIV expr
   52 comparision: expr . LESS expr
   53            | expr . GREATER expr
   54            | expr . EQUAL expr
   55            | expr . NEQUAL expr
   56            | expr . ELESS expr
   57            | expr . EGREATER expr

    RBRACKET  偏移，并进入状态 49
    PLUS      偏移，并进入状态 50
    MINUS     偏移，并进入状态 51
    MUL       偏移，并进入状态 52
    DIV       偏移，并进入状态 53
    GREATER   偏移，并进入状态 54
    LESS      偏移，并进入状态 55
    EQUAL     偏移，并进入状态 56
    ELESS     偏移，并进入状态 57
    EGREATER  偏移，并进入状态 58
    NEQUAL    偏移，并进入状态 59


状态 35

   47 expr: array_ref . ASSIGN expr
   49     | array_ref .

    ASSIGN  偏移，并进入状态 60

    $default  使用规则 49 以归约 (expr)


状态 36

   38 expr: comparision .

    $default  使用规则 38 以归约 (expr)


状态 37

   48 expr: numeric .

    $default  使用规则 48 以归约 (expr)


状态 38

   20 param: var_type id LBRACKET . RBRACKET

    RBRACKET  偏移，并进入状态 61


状态 39

   21 compound_stmt: LBRACE . stmt_list RBRACE
   22              | LBRACE . RBRACE

    IDENTIFIER  偏移，并进入状态 29
    INT_CONST   偏移，并进入状态 30
    INT         偏移，并进入状态 3
    SEMI        偏移，并进入状态 62
    LPAREN      偏移，并进入状态 31
    RBRACE      偏移，并进入状态 63
    LBRACE      偏移，并进入状态 39
    MINUS       偏移，并进入状态 32
    IF          偏移，并进入状态 64
    RETURN      偏移，并进入状态 65
    WHILE       偏移，并进入状态 66

    id               转到状态 33
    var_declaration  转到状态 67
    var_type         转到状态 68
    compound_stmt    转到状态 69
    stmt_list        转到状态 70
    stmt             转到状态 71
    selection_stmt   转到状态 72
    expr_stmt        转到状态 73
    iteration_stmt   转到状态 74
    return_stmt      转到状态 75
    expr             转到状态 76
    array_ref        转到状态 35
    comparision      转到状态 36
    numeric          转到状态 37


状态 40

   13 func_declaration: error LPAREN param RPAREN compound_stmt .

    $default  使用规则 13 以归约 (func_declaration)


状态 41

   11 func_declaration: VOID id LPAREN params RPAREN . compound_stmt

    LBRACE  偏移，并进入状态 39

    compound_stmt  转到状态 77


状态 42

   18 param_list: param_list COMMA . param

    INT  偏移，并进入状态 3

    var_type  转到状态 16
    param     转到状态 78


状态 43

   12 func_declaration: var_type id LPAREN params RPAREN . compound_stmt

    LBRACE  偏移，并进入状态 39

    compound_stmt  转到状态 79


状态 44

   51 array_ref: IDENTIFIER LBRACKET . expr RBRACKET

    IDENTIFIER  偏移，并进入状态 29
    INT_CONST   偏移，并进入状态 30
    LPAREN      偏移，并进入状态 31
    MINUS       偏移，并进入状态 32

    id           转到状态 33
    expr         转到状态 80
    array_ref    转到状态 35
    comparision  转到状态 36
    numeric      转到状态 37


状态 45

   39 expr: LPAREN expr . RPAREN
   40     | expr . PLUS expr
   41     | expr . MINUS expr
   42     | expr . MUL expr
   43     | expr . DIV expr
   52 comparision: expr . LESS expr
   53            | expr . GREATER expr
   54            | expr . EQUAL expr
   55            | expr . NEQUAL expr
   56            | expr . ELESS expr
   57            | expr . EGREATER expr

    RPAREN    偏移，并进入状态 81
    PLUS      偏移，并进入状态 50
    MINUS     偏移，并进入状态 51
    MUL       偏移，并进入状态 52
    DIV       偏移，并进入状态 53
    GREATER   偏移，并进入状态 54
    LESS      偏移，并进入状态 55
    EQUAL     偏移，并进入状态 56
    ELESS     偏移，并进入状态 57
    EGREATER  偏移，并进入状态 58
    NEQUAL    偏移，并进入状态 59


状态 46

   40 expr: expr . PLUS expr
   41     | expr . MINUS expr
   42     | expr . MUL expr
   43     | expr . DIV expr
   44     | MINUS expr .
   52 comparision: expr . LESS expr
   53            | expr . GREATER expr
   54            | expr . EQUAL expr
   55            | expr . NEQUAL expr
   56            | expr . ELESS expr
   57            | expr . EGREATER expr

    $default  使用规则 44 以归约 (expr)

    Conflict between rule 44 and token PLUS resolved as reduce (PLUS < NEG).
    Conflict between rule 44 and token MINUS resolved as reduce (MINUS < NEG).
    Conflict between rule 44 and token MUL resolved as reduce (MUL < NEG).
    Conflict between rule 44 and token DIV resolved as reduce (DIV < NEG).
    Conflict between rule 44 and token GREATER resolved as reduce (GREATER < NEG).
    Conflict between rule 44 and token LESS resolved as reduce (LESS < NEG).
    Conflict between rule 44 and token EQUAL resolved as reduce (EQUAL < NEG).
    Conflict between rule 44 and token ELESS resolved as reduce (ELESS < NEG).
    Conflict between rule 44 and token EGREATER resolved as reduce (EGREATER < NEG).
    Conflict between rule 44 and token NEQUAL resolved as reduce (NEQUAL < NEG).


状态 47

   45 expr: id ASSIGN . expr

    IDENTIFIER  偏移，并进入状态 29
    INT_CONST   偏移，并进入状态 30
    LPAREN      偏移，并进入状态 31
    MINUS       偏移，并进入状态 32

    id           转到状态 33
    expr         转到状态 82
    array_ref    转到状态 35
    comparision  转到状态 36
    numeric      转到状态 37


状态 48

   46 expr: id LPAREN . args RPAREN

    IDENTIFIER  偏移，并进入状态 29
    INT_CONST   偏移，并进入状态 30
    LPAREN      偏移，并进入状态 31
    MINUS       偏移，并进入状态 32

    $default  使用规则 59 以归约 (args)

    id           转到状态 33
    expr         转到状态 83
    array_ref    转到状态 35
    comparision  转到状态 36
    numeric      转到状态 37
    args         转到状态 84


状态 49

    9 var_declaration: var_type id LBRACKET expr RBRACKET . SEMI

    SEMI  偏移，并进入状态 85


状态 50

   40 expr: expr PLUS . expr

    IDENTIFIER  偏移，并进入状态 29
    INT_CONST   偏移，并进入状态 30
    LPAREN      偏移，并进入状态 31
    MINUS       偏移，并进入状态 32

    id           转到状态 33
    expr         转到状态 86
    array_ref    转到状态 35
    comparision  转到状态 36
    numeric      转到状态 37


状态 51

   41 expr: expr MINUS . expr

    IDENTIFIER  偏移，并进入状态 29
    INT_CONST   偏移，并进入状态 30
    LPAREN      偏移，并进入状态 31
    MINUS       偏移，并进入状态 32

    id           转到状态 33
    expr         转到状态 87
    array_ref    转到状态 35
    comparision  转到状态 36
    numeric      转到状态 37


状态 52

   42 expr: expr MUL . expr

    IDENTIFIER  偏移，并进入状态 29
    INT_CONST   偏移，并进入状态 30
    LPAREN      偏移，并进入状态 31
    MINUS       偏移，并进入状态 32

    id           转到状态 33
    expr         转到状态 88
    array_ref    转到状态 35
    comparision  转到状态 36
    numeric      转到状态 37


状态 53

   43 expr: expr DIV . expr

    IDENTIFIER  偏移，并进入状态 29
    INT_CONST   偏移，并进入状态 30
    LPAREN      偏移，并进入状态 31
    MINUS       偏移，并进入状态 32

    id           转到状态 33
    expr         转到状态 89
    array_ref    转到状态 35
    comparision  转到状态 36
    numeric      转到状态 37


状态 54

   53 comparision: expr GREATER . expr

    IDENTIFIER  偏移，并进入状态 29
    INT_CONST   偏移，并进入状态 30
    LPAREN      偏移，并进入状态 31
    MINUS       偏移，并进入状态 32

    id           转到状态 33
    expr         转到状态 90
    array_ref    转到状态 35
    comparision  转到状态 36
    numeric      转到状态 37


状态 55

   52 comparision: expr LESS . expr

    IDENTIFIER  偏移，并进入状态 29
    INT_CONST   偏移，并进入状态 30
    LPAREN      偏移，并进入状态 31
    MINUS       偏移，并进入状态 32

    id           转到状态 33
    expr         转到状态 91
    array_ref    转到状态 35
    comparision  转到状态 36
    numeric      转到状态 37


状态 56

   54 comparision: expr EQUAL . expr

    IDENTIFIER  偏移，并进入状态 29
    INT_CONST   偏移，并进入状态 30
    LPAREN      偏移，并进入状态 31
    MINUS       偏移，并进入状态 32

    id           转到状态 33
    expr         转到状态 92
    array_ref    转到状态 35
    comparision  转到状态 36
    numeric      转到状态 37


状态 57

   56 comparision: expr ELESS . expr

    IDENTIFIER  偏移，并进入状态 29
    INT_CONST   偏移，并进入状态 30
    LPAREN      偏移，并进入状态 31
    MINUS       偏移，并进入状态 32

    id           转到状态 33
    expr         转到状态 93
    array_ref    转到状态 35
    comparision  转到状态 36
    numeric      转到状态 37


状态 58

   57 comparision: expr EGREATER . expr

    IDENTIFIER  偏移，并进入状态 29
    INT_CONST   偏移，并进入状态 30
    LPAREN      偏移，并进入状态 31
    MINUS       偏移，并进入状态 32

    id           转到状态 33
    expr         转到状态 94
    array_ref    转到状态 35
    comparision  转到状态 36
    numeric      转到状态 37


状态 59

   55 comparision: expr NEQUAL . expr

    IDENTIFIER  偏移，并进入状态 29
    INT_CONST   偏移，并进入状态 30
    LPAREN      偏移，并进入状态 31
    MINUS       偏移，并进入状态 32

    id           转到状态 33
    expr         转到状态 95
    array_ref    转到状态 35
    comparision  转到状态 36
    numeric      转到状态 37


状态 60

   47 expr: array_ref ASSIGN . expr

    IDENTIFIER  偏移，并进入状态 29
    INT_CONST   偏移，并进入状态 30
    LPAREN      偏移，并进入状态 31
    MINUS       偏移，并进入状态 32

    id           转到状态 33
    expr         转到状态 96
    array_ref    转到状态 35
    comparision  转到状态 36
    numeric      转到状态 37


状态 61

   20 param: var_type id LBRACKET RBRACKET .

    $default  使用规则 20 以归约 (param)


状态 62

   34 expr_stmt: SEMI .

    $default  使用规则 34 以归约 (expr_stmt)


状态 63

   22 compound_stmt: LBRACE RBRACE .

    $default  使用规则 22 以归约 (compound_stmt)


状态 64

   31 selection_stmt: IF . LPAREN expr RPAREN stmt
   32               | IF . LPAREN expr RPAREN stmt ELSE stmt

    LPAREN  偏移，并进入状态 97


状态 65

   36 return_stmt: RETURN . SEMI
   37            | RETURN . expr SEMI

    IDENTIFIER  偏移，并进入状态 29
    INT_CONST   偏移，并进入状态 30
    SEMI        偏移，并进入状态 98
    LPAREN      偏移，并进入状态 31
    MINUS       偏移，并进入状态 32

    id           转到状态 33
    expr         转到状态 99
    array_ref    转到状态 35
    comparision  转到状态 36
    numeric      转到状态 37


状态 66

   35 iteration_stmt: WHILE . LPAREN expr RPAREN stmt

    LPAREN  偏移，并进入状态 100


状态 67

   26 stmt: var_declaration .

    $default  使用规则 26 以归约 (stmt)


状态 68

    8 var_declaration: var_type . id SEMI
    9                | var_type . id LBRACKET expr RBRACKET SEMI

    IDENTIFIER  偏移，并进入状态 11

    id  转到状态 101


状态 69

   27 stmt: compound_stmt .

    $default  使用规则 27 以归约 (stmt)


状态 70

   21 compound_stmt: LBRACE stmt_list . RBRACE
   24 stmt_list: stmt_list . stmt

    IDENTIFIER  偏移，并进入状态 29
    INT_CONST   偏移，并进入状态 30
    INT         偏移，并进入状态 3
    SEMI        偏移，并进入状态 62
    LPAREN      偏移，并进入状态 31
    RBRACE      偏移，并进入状态 102
    LBRACE      偏移，并进入状态 39
    MINUS       偏移，并进入状态 32
    IF          偏移，并进入状态 64
    RETURN      偏移，并进入状态 65
    WHILE       偏移，并进入状态 66

    id               转到状态 33
    var_declaration  转到状态 67
    var_type         转到状态 68
    compound_stmt    转到状态 69
    stmt             转到状态 103
    selection_stmt   转到状态 72
    expr_stmt        转到状态 73
    iteration_stmt   转到状态 74
    return_stmt      转到状态 75
    expr             转到状态 76
    array_ref        转到状态 35
    comparision      转到状态 36
    numeric          转到状态 37


状态 71

   23 stmt_list: stmt .

    $default  使用规则 23 以归约 (stmt_list)


状态 72

   28 stmt: selection_stmt .

    $default  使用规则 28 以归约 (stmt)


状态 73

   25 stmt: expr_stmt .

    $default  使用规则 25 以归约 (stmt)


状态 74

   29 stmt: iteration_stmt .

    $default  使用规则 29 以归约 (stmt)


状态 75

   30 stmt: return_stmt .

    $default  使用规则 30 以归约 (stmt)


状态 76

   33 expr_stmt: expr . SEMI
   40 expr: expr . PLUS expr
   41     | expr . MINUS expr
   42     | expr . MUL expr
   43     | expr . DIV expr
   52 comparision: expr . LESS expr
   53            | expr . GREATER expr
   54            | expr . EQUAL expr
   55            | expr . NEQUAL expr
   56            | expr . ELESS expr
   57            | expr . EGREATER expr

    SEMI      偏移，并进入状态 104
    PLUS      偏移，并进入状态 50
    MINUS     偏移，并进入状态 51
    MUL       偏移，并进入状态 52
    DIV       偏移，并进入状态 53
    GREATER   偏移，并进入状态 54
    LESS      偏移，并进入状态 55
    EQUAL     偏移，并进入状态 56
    ELESS     偏移，并进入状态 57
    EGREATER  偏移，并进入状态 58
    NEQUAL    偏移，并进入状态 59


状态 77

   11 func_declaration: VOID id LPAREN params RPAREN compound_stmt .

    $default  使用规则 11 以归约 (func_declaration)


状态 78

   18 param_list: param_list COMMA param .

    $default  使用规则 18 以归约 (param_list)


状态 79

   12 func_declaration: var_type id LPAREN params RPAREN compound_stmt .

    $default  使用规则 12 以归约 (func_declaration)


状态 80

   40 expr: expr . PLUS expr
   41     | expr . MINUS expr
   42     | expr . MUL expr
   43     | expr . DIV expr
   51 array_ref: IDENTIFIER LBRACKET expr . RBRACKET
   52 comparision: expr . LESS expr
   53            | expr . GREATER expr
   54            | expr . EQUAL expr
   55            | expr . NEQUAL expr
   56            | expr . ELESS expr
   57            | expr . EGREATER expr

    RBRACKET  偏移，并进入状态 105
    PLUS      偏移，并进入状态 50
    MINUS     偏移，并进入状态 51
    MUL       偏移，并进入状态 52
    DIV       偏移，并进入状态 53
    GREATER   偏移，并进入状态 54
    LESS      偏移，并进入状态 55
    EQUAL     偏移，并进入状态 56
    ELESS     偏移，并进入状态 57
    EGREATER  偏移，并进入状态 58
    NEQUAL    偏移，并进入状态 59


状态 81

   39 expr: LPAREN expr RPAREN .

    $default  使用规则 39 以归约 (expr)


状态 82

   40 expr: expr . PLUS expr
   41     | expr . MINUS expr
   42     | expr . MUL expr
   43     | expr . DIV expr
   45     | id ASSIGN expr .
   52 comparision: expr . LESS expr
   53            | expr . GREATER expr
   54            | expr . EQUAL expr
   55            | expr . NEQUAL expr
   56            | expr . ELESS expr
   57            | expr . EGREATER expr

    PLUS      偏移，并进入状态 50
    MINUS     偏移，并进入状态 51
    MUL       偏移，并进入状态 52
    DIV       偏移，并进入状态 53
    GREATER   偏移，并进入状态 54
    LESS      偏移，并进入状态 55
    EQUAL     偏移，并进入状态 56
    ELESS     偏移，并进入状态 57
    EGREATER  偏移，并进入状态 58
    NEQUAL    偏移，并进入状态 59

    $default  使用规则 45 以归约 (expr)

    Conflict between rule 45 and token PLUS resolved as shift (ASSIGN < PLUS).
    Conflict between rule 45 and token MINUS resolved as shift (ASSIGN < MINUS).
    Conflict between rule 45 and token MUL resolved as shift (ASSIGN < MUL).
    Conflict between rule 45 and token DIV resolved as shift (ASSIGN < DIV).
    Conflict between rule 45 and token GREATER resolved as shift (ASSIGN < GREATER).
    Conflict between rule 45 and token LESS resolved as shift (ASSIGN < LESS).
    Conflict between rule 45 and token EQUAL resolved as shift (ASSIGN < EQUAL).
    Conflict between rule 45 and token ELESS resolved as shift (ASSIGN < ELESS).
    Conflict between rule 45 and token EGREATER resolved as shift (ASSIGN < EGREATER).
    Conflict between rule 45 and token NEQUAL resolved as shift (ASSIGN < NEQUAL).


状态 83

   40 expr: expr . PLUS expr
   41     | expr . MINUS expr
   42     | expr . MUL expr
   43     | expr . DIV expr
   52 comparision: expr . LESS expr
   53            | expr . GREATER expr
   54            | expr . EQUAL expr
   55            | expr . NEQUAL expr
   56            | expr . ELESS expr
   57            | expr . EGREATER expr
   60 args: expr .

    PLUS      偏移，并进入状态 50
    MINUS     偏移，并进入状态 51
    MUL       偏移，并进入状态 52
    DIV       偏移，并进入状态 53
    GREATER   偏移，并进入状态 54
    LESS      偏移，并进入状态 55
    EQUAL     偏移，并进入状态 56
    ELESS     偏移，并进入状态 57
    EGREATER  偏移，并进入状态 58
    NEQUAL    偏移，并进入状态 59

    $default  使用规则 60 以归约 (args)


状态 84

   46 expr: id LPAREN args . RPAREN
   61 args: args . COMMA expr

    COMMA   偏移，并进入状态 106
    RPAREN  偏移，并进入状态 107


状态 85

    9 var_declaration: var_type id LBRACKET expr RBRACKET SEMI .

    $default  使用规则 9 以归约 (var_declaration)


状态 86

   40 expr: expr . PLUS expr
   40     | expr PLUS expr .
   41     | expr . MINUS expr
   42     | expr . MUL expr
   43     | expr . DIV expr
   52 comparision: expr . LESS expr
   53            | expr . GREATER expr
   54            | expr . EQUAL expr
   55            | expr . NEQUAL expr
   56            | expr . ELESS expr
   57            | expr . EGREATER expr

    MUL  偏移，并进入状态 52
    DIV  偏移，并进入状态 53

    $default  使用规则 40 以归约 (expr)

    Conflict between rule 40 and token PLUS resolved as reduce (%left PLUS).
    Conflict between rule 40 and token MINUS resolved as reduce (%left MINUS).
    Conflict between rule 40 and token MUL resolved as shift (PLUS < MUL).
    Conflict between rule 40 and token DIV resolved as shift (PLUS < DIV).
    Conflict between rule 40 and token GREATER resolved as reduce (GREATER < PLUS).
    Conflict between rule 40 and token LESS resolved as reduce (LESS < PLUS).
    Conflict between rule 40 and token EQUAL resolved as reduce (EQUAL < PLUS).
    Conflict between rule 40 and token ELESS resolved as reduce (ELESS < PLUS).
    Conflict between rule 40 and token EGREATER resolved as reduce (EGREATER < PLUS).
    Conflict between rule 40 and token NEQUAL resolved as reduce (NEQUAL < PLUS).


状态 87

   40 expr: expr . PLUS expr
   41     | expr . MINUS expr
   41     | expr MINUS expr .
   42     | expr . MUL expr
   43     | expr . DIV expr
   52 comparision: expr . LESS expr
   53            | expr . GREATER expr
   54            | expr . EQUAL expr
   55            | expr . NEQUAL expr
   56            | expr . ELESS expr
   57            | expr . EGREATER expr

    MUL  偏移，并进入状态 52
    DIV  偏移，并进入状态 53

    $default  使用规则 41 以归约 (expr)

    Conflict between rule 41 and token PLUS resolved as reduce (%left PLUS).
    Conflict between rule 41 and token MINUS resolved as reduce (%left MINUS).
    Conflict between rule 41 and token MUL resolved as shift (MINUS < MUL).
    Conflict between rule 41 and token DIV resolved as shift (MINUS < DIV).
    Conflict between rule 41 and token GREATER resolved as reduce (GREATER < MINUS).
    Conflict between rule 41 and token LESS resolved as reduce (LESS < MINUS).
    Conflict between rule 41 and token EQUAL resolved as reduce (EQUAL < MINUS).
    Conflict between rule 41 and token ELESS resolved as reduce (ELESS < MINUS).
    Conflict between rule 41 and token EGREATER resolved as reduce (EGREATER < MINUS).
    Conflict between rule 41 and token NEQUAL resolved as reduce (NEQUAL < MINUS).


状态 88

   40 expr: expr . PLUS expr
   41     | expr . MINUS expr
   42     | expr . MUL expr
   42     | expr MUL expr .
   43     | expr . DIV expr
   52 comparision: expr . LESS expr
   53            | expr . GREATER expr
   54            | expr . EQUAL expr
   55            | expr . NEQUAL expr
   56            | expr . ELESS expr
   57            | expr . EGREATER expr

    $default  使用规则 42 以归约 (expr)

    Conflict between rule 42 and token PLUS resolved as reduce (PLUS < MUL).
    Conflict between rule 42 and token MINUS resolved as reduce (MINUS < MUL).
    Conflict between rule 42 and token MUL resolved as reduce (%left MUL).
    Conflict between rule 42 and token DIV resolved as reduce (%left DIV).
    Conflict between rule 42 and token GREATER resolved as reduce (GREATER < MUL).
    Conflict between rule 42 and token LESS resolved as reduce (LESS < MUL).
    Conflict between rule 42 and token EQUAL resolved as reduce (EQUAL < MUL).
    Conflict between rule 42 and token ELESS resolved as reduce (ELESS < MUL).
    Conflict between rule 42 and token EGREATER resolved as reduce (EGREATER < MUL).
    Conflict between rule 42 and token NEQUAL resolved as reduce (NEQUAL < MUL).


状态 89

   40 expr: expr . PLUS expr
   41     | expr . MINUS expr
   42     | expr . MUL expr
   43     | expr . DIV expr
   43     | expr DIV expr .
   52 comparision: expr . LESS expr
   53            | expr . GREATER expr
   54            | expr . EQUAL expr
   55            | expr . NEQUAL expr
   56            | expr . ELESS expr
   57            | expr . EGREATER expr

    $default  使用规则 43 以归约 (expr)

    Conflict between rule 43 and token PLUS resolved as reduce (PLUS < DIV).
    Conflict between rule 43 and token MINUS resolved as reduce (MINUS < DIV).
    Conflict between rule 43 and token MUL resolved as reduce (%left MUL).
    Conflict between rule 43 and token DIV resolved as reduce (%left DIV).
    Conflict between rule 43 and token GREATER resolved as reduce (GREATER < DIV).
    Conflict between rule 43 and token LESS resolved as reduce (LESS < DIV).
    Conflict between rule 43 and token EQUAL resolved as reduce (EQUAL < DIV).
    Conflict between rule 43 and token ELESS resolved as reduce (ELESS < DIV).
    Conflict between rule 43 and token EGREATER resolved as reduce (EGREATER < DIV).
    Conflict between rule 43 and token NEQUAL resolved as reduce (NEQUAL < DIV).


状态 90

   40 expr: expr . PLUS expr
   41     | expr . MINUS expr
   42     | expr . MUL expr
   43     | expr . DIV expr
   52 comparision: expr . LESS expr
   53            | expr . GREATER expr
   53            | expr GREATER expr .
   54            | expr . EQUAL expr
   55            | expr . NEQUAL expr
   56            | expr . ELESS expr
   57            | expr . EGREATER expr

    PLUS   偏移，并进入状态 50
    MINUS  偏移，并进入状态 51
    MUL    偏移，并进入状态 52
    DIV    偏移，并进入状态 53

    $default  使用规则 53 以归约 (comparision)

    Conflict between rule 53 and token PLUS resolved as shift (GREATER < PLUS).
    Conflict between rule 53 and token MINUS resolved as shift (GREATER < MINUS).
    Conflict between rule 53 and token MUL resolved as shift (GREATER < MUL).
    Conflict between rule 53 and token DIV resolved as shift (GREATER < DIV).
    Conflict between rule 53 and token GREATER resolved as reduce (%left GREATER).
    Conflict between rule 53 and token LESS resolved as reduce (%left LESS).
    Conflict between rule 53 and token EQUAL resolved as reduce (%left EQUAL).
    Conflict between rule 53 and token ELESS resolved as reduce (%left ELESS).
    Conflict between rule 53 and token EGREATER resolved as reduce (%left EGREATER).
    Conflict between rule 53 and token NEQUAL resolved as reduce (%left NEQUAL).


状态 91

   40 expr: expr . PLUS expr
   41     | expr . MINUS expr
   42     | expr . MUL expr
   43     | expr . DIV expr
   52 comparision: expr . LESS expr
   52            | expr LESS expr .
   53            | expr . GREATER expr
   54            | expr . EQUAL expr
   55            | expr . NEQUAL expr
   56            | expr . ELESS expr
   57            | expr . EGREATER expr

    PLUS   偏移，并进入状态 50
    MINUS  偏移，并进入状态 51
    MUL    偏移，并进入状态 52
    DIV    偏移，并进入状态 53

    $default  使用规则 52 以归约 (comparision)

    Conflict between rule 52 and token PLUS resolved as shift (LESS < PLUS).
    Conflict between rule 52 and token MINUS resolved as shift (LESS < MINUS).
    Conflict between rule 52 and token MUL resolved as shift (LESS < MUL).
    Conflict between rule 52 and token DIV resolved as shift (LESS < DIV).
    Conflict between rule 52 and token GREATER resolved as reduce (%left GREATER).
    Conflict between rule 52 and token LESS resolved as reduce (%left LESS).
    Conflict between rule 52 and token EQUAL resolved as reduce (%left EQUAL).
    Conflict between rule 52 and token ELESS resolved as reduce (%left ELESS).
    Conflict between rule 52 and token EGREATER resolved as reduce (%left EGREATER).
    Conflict between rule 52 and token NEQUAL resolved as reduce (%left NEQUAL).


状态 92

   40 expr: expr . PLUS expr
   41     | expr . MINUS expr
   42     | expr . MUL expr
   43     | expr . DIV expr
   52 comparision: expr . LESS expr
   53            | expr . GREATER expr
   54            | expr . EQUAL expr
   54            | expr EQUAL expr .
   55            | expr . NEQUAL expr
   56            | expr . ELESS expr
   57            | expr . EGREATER expr

    PLUS   偏移，并进入状态 50
    MINUS  偏移，并进入状态 51
    MUL    偏移，并进入状态 52
    DIV    偏移，并进入状态 53

    $default  使用规则 54 以归约 (comparision)

    Conflict between rule 54 and token PLUS resolved as shift (EQUAL < PLUS).
    Conflict between rule 54 and token MINUS resolved as shift (EQUAL < MINUS).
    Conflict between rule 54 and token MUL resolved as shift (EQUAL < MUL).
    Conflict between rule 54 and token DIV resolved as shift (EQUAL < DIV).
    Conflict between rule 54 and token GREATER resolved as reduce (%left GREATER).
    Conflict between rule 54 and token LESS resolved as reduce (%left LESS).
    Conflict between rule 54 and token EQUAL resolved as reduce (%left EQUAL).
    Conflict between rule 54 and token ELESS resolved as reduce (%left ELESS).
    Conflict between rule 54 and token EGREATER resolved as reduce (%left EGREATER).
    Conflict between rule 54 and token NEQUAL resolved as reduce (%left NEQUAL).


状态 93

   40 expr: expr . PLUS expr
   41     | expr . MINUS expr
   42     | expr . MUL expr
   43     | expr . DIV expr
   52 comparision: expr . LESS expr
   53            | expr . GREATER expr
   54            | expr . EQUAL expr
   55            | expr . NEQUAL expr
   56            | expr . ELESS expr
   56            | expr ELESS expr .
   57            | expr . EGREATER expr

    PLUS   偏移，并进入状态 50
    MINUS  偏移，并进入状态 51
    MUL    偏移，并进入状态 52
    DIV    偏移，并进入状态 53

    $default  使用规则 56 以归约 (comparision)

    Conflict between rule 56 and token PLUS resolved as shift (ELESS < PLUS).
    Conflict between rule 56 and token MINUS resolved as shift (ELESS < MINUS).
    Conflict between rule 56 and token MUL resolved as shift (ELESS < MUL).
    Conflict between rule 56 and token DIV resolved as shift (ELESS < DIV).
    Conflict between rule 56 and token GREATER resolved as reduce (%left GREATER).
    Conflict between rule 56 and token LESS resolved as reduce (%left LESS).
    Conflict between rule 56 and token EQUAL resolved as reduce (%left EQUAL).
    Conflict between rule 56 and token ELESS resolved as reduce (%left ELESS).
    Conflict between rule 56 and token EGREATER resolved as reduce (%left EGREATER).
    Conflict between rule 56 and token NEQUAL resolved as reduce (%left NEQUAL).


状态 94

   40 expr: expr . PLUS expr
   41     | expr . MINUS expr
   42     | expr . MUL expr
   43     | expr . DIV expr
   52 comparision: expr . LESS expr
   53            | expr . GREATER expr
   54            | expr . EQUAL expr
   55            | expr . NEQUAL expr
   56            | expr . ELESS expr
   57            | expr . EGREATER expr
   57            | expr EGREATER expr .

    PLUS   偏移，并进入状态 50
    MINUS  偏移，并进入状态 51
    MUL    偏移，并进入状态 52
    DIV    偏移，并进入状态 53

    $default  使用规则 57 以归约 (comparision)

    Conflict between rule 57 and token PLUS resolved as shift (EGREATER < PLUS).
    Conflict between rule 57 and token MINUS resolved as shift (EGREATER < MINUS).
    Conflict between rule 57 and token MUL resolved as shift (EGREATER < MUL).
    Conflict between rule 57 and token DIV resolved as shift (EGREATER < DIV).
    Conflict between rule 57 and token GREATER resolved as reduce (%left GREATER).
    Conflict between rule 57 and token LESS resolved as reduce (%left LESS).
    Conflict between rule 57 and token EQUAL resolved as reduce (%left EQUAL).
    Conflict between rule 57 and token ELESS resolved as reduce (%left ELESS).
    Conflict between rule 57 and token EGREATER resolved as reduce (%left EGREATER).
    Conflict between rule 57 and token NEQUAL resolved as reduce (%left NEQUAL).


状态 95

   40 expr: expr . PLUS expr
   41     | expr . MINUS expr
   42     | expr . MUL expr
   43     | expr . DIV expr
   52 comparision: expr . LESS expr
   53            | expr . GREATER expr
   54            | expr . EQUAL expr
   55            | expr . NEQUAL expr
   55            | expr NEQUAL expr .
   56            | expr . ELESS expr
   57            | expr . EGREATER expr

    PLUS   偏移，并进入状态 50
    MINUS  偏移，并进入状态 51
    MUL    偏移，并进入状态 52
    DIV    偏移，并进入状态 53

    $default  使用规则 55 以归约 (comparision)

    Conflict between rule 55 and token PLUS resolved as shift (NEQUAL < PLUS).
    Conflict between rule 55 and token MINUS resolved as shift (NEQUAL < MINUS).
    Conflict between rule 55 and token MUL resolved as shift (NEQUAL < MUL).
    Conflict between rule 55 and token DIV resolved as shift (NEQUAL < DIV).
    Conflict between rule 55 and token GREATER resolved as reduce (%left GREATER).
    Conflict between rule 55 and token LESS resolved as reduce (%left LESS).
    Conflict between rule 55 and token EQUAL resolved as reduce (%left EQUAL).
    Conflict between rule 55 and token ELESS resolved as reduce (%left ELESS).
    Conflict between rule 55 and token EGREATER resolved as reduce (%left EGREATER).
    Conflict between rule 55 and token NEQUAL resolved as reduce (%left NEQUAL).


状态 96

   40 expr: expr . PLUS expr
   41     | expr . MINUS expr
   42     | expr . MUL expr
   43     | expr . DIV expr
   47     | array_ref ASSIGN expr .
   52 comparision: expr . LESS expr
   53            | expr . GREATER expr
   54            | expr . EQUAL expr
   55            | expr . NEQUAL expr
   56            | expr . ELESS expr
   57            | expr . EGREATER expr

    PLUS      偏移，并进入状态 50
    MINUS     偏移，并进入状态 51
    MUL       偏移，并进入状态 52
    DIV       偏移，并进入状态 53
    GREATER   偏移，并进入状态 54
    LESS      偏移，并进入状态 55
    EQUAL     偏移，并进入状态 56
    ELESS     偏移，并进入状态 57
    EGREATER  偏移，并进入状态 58
    NEQUAL    偏移，并进入状态 59

    $default  使用规则 47 以归约 (expr)

    Conflict between rule 47 and token PLUS resolved as shift (ASSIGN < PLUS).
    Conflict between rule 47 and token MINUS resolved as shift (ASSIGN < MINUS).
    Conflict between rule 47 and token MUL resolved as shift (ASSIGN < MUL).
    Conflict between rule 47 and token DIV resolved as shift (ASSIGN < DIV).
    Conflict between rule 47 and token GREATER resolved as shift (ASSIGN < GREATER).
    Conflict between rule 47 and token LESS resolved as shift (ASSIGN < LESS).
    Conflict between rule 47 and token EQUAL resolved as shift (ASSIGN < EQUAL).
    Conflict between rule 47 and token ELESS resolved as shift (ASSIGN < ELESS).
    Conflict between rule 47 and token EGREATER resolved as shift (ASSIGN < EGREATER).
    Conflict between rule 47 and token NEQUAL resolved as shift (ASSIGN < NEQUAL).


状态 97

   31 selection_stmt: IF LPAREN . expr RPAREN stmt
   32               | IF LPAREN . expr RPAREN stmt ELSE stmt

    IDENTIFIER  偏移，并进入状态 29
    INT_CONST   偏移，并进入状态 30
    LPAREN      偏移，并进入状态 31
    MINUS       偏移，并进入状态 32

    id           转到状态 33
    expr         转到状态 108
    array_ref    转到状态 35
    comparision  转到状态 36
    numeric      转到状态 37


状态 98

   36 return_stmt: RETURN SEMI .

    $default  使用规则 36 以归约 (return_stmt)


状态 99

   37 return_stmt: RETURN expr . SEMI
   40 expr: expr . PLUS expr
   41     | expr . MINUS expr
   42     | expr . MUL expr
   43     | expr . DIV expr
   52 comparision: expr . LESS expr
   53            | expr . GREATER expr
   54            | expr . EQUAL expr
   55            | expr . NEQUAL expr
   56            | expr . ELESS expr
   57            | expr . EGREATER expr

    SEMI      偏移，并进入状态 109
    PLUS      偏移，并进入状态 50
    MINUS     偏移，并进入状态 51
    MUL       偏移，并进入状态 52
    DIV       偏移，并进入状态 53
    GREATER   偏移，并进入状态 54
    LESS      偏移，并进入状态 55
    EQUAL     偏移，并进入状态 56
    ELESS     偏移，并进入状态 57
    EGREATER  偏移，并进入状态 58
    NEQUAL    偏移，并进入状态 59


状态 100

   35 iteration_stmt: WHILE LPAREN . expr RPAREN stmt

    IDENTIFIER  偏移，并进入状态 29
    INT_CONST   偏移，并进入状态 30
    LPAREN      偏移，并进入状态 31
    MINUS       偏移，并进入状态 32

    id           转到状态 33
    expr         转到状态 110
    array_ref    转到状态 35
    comparision  转到状态 36
    numeric      转到状态 37


状态 101

    8 var_declaration: var_type id . SEMI
    9                | var_type id . LBRACKET expr RBRACKET SEMI

    SEMI      偏移，并进入状态 19
    LBRACKET  偏移，并进入状态 21


状态 102

   21 compound_stmt: LBRACE stmt_list RBRACE .

    $default  使用规则 21 以归约 (compound_stmt)


状态 103

   24 stmt_list: stmt_list stmt .

    $default  使用规则 24 以归约 (stmt_list)


状态 104

   33 expr_stmt: expr SEMI .

    $default  使用规则 33 以归约 (expr_stmt)


状态 105

   51 array_ref: IDENTIFIER LBRACKET expr RBRACKET .

    $default  使用规则 51 以归约 (array_ref)


状态 106

   61 args: args COMMA . expr

    IDENTIFIER  偏移，并进入状态 29
    INT_CONST   偏移，并进入状态 30
    LPAREN      偏移，并进入状态 31
    MINUS       偏移，并进入状态 32

    id           转到状态 33
    expr         转到状态 111
    array_ref    转到状态 35
    comparision  转到状态 36
    numeric      转到状态 37


状态 107

   46 expr: id LPAREN args RPAREN .

    $default  使用规则 46 以归约 (expr)


状态 108

   31 selection_stmt: IF LPAREN expr . RPAREN stmt
   32               | IF LPAREN expr . RPAREN stmt ELSE stmt
   40 expr: expr . PLUS expr
   41     | expr . MINUS expr
   42     | expr . MUL expr
   43     | expr . DIV expr
   52 comparision: expr . LESS expr
   53            | expr . GREATER expr
   54            | expr . EQUAL expr
   55            | expr . NEQUAL expr
   56            | expr . ELESS expr
   57            | expr . EGREATER expr

    RPAREN    偏移，并进入状态 112
    PLUS      偏移，并进入状态 50
    MINUS     偏移，并进入状态 51
    MUL       偏移，并进入状态 52
    DIV       偏移，并进入状态 53
    GREATER   偏移，并进入状态 54
    LESS      偏移，并进入状态 55
    EQUAL     偏移，并进入状态 56
    ELESS     偏移，并进入状态 57
    EGREATER  偏移，并进入状态 58
    NEQUAL    偏移，并进入状态 59


状态 109

   37 return_stmt: RETURN expr SEMI .

    $default  使用规则 37 以归约 (return_stmt)


状态 110

   35 iteration_stmt: WHILE LPAREN expr . RPAREN stmt
   40 expr: expr . PLUS expr
   41     | expr . MINUS expr
   42     | expr . MUL expr
   43     | expr . DIV expr
   52 comparision: expr . LESS expr
   53            | expr . GREATER expr
   54            | expr . EQUAL expr
   55            | expr . NEQUAL expr
   56            | expr . ELESS expr
   57            | expr . EGREATER expr

    RPAREN    偏移，并进入状态 113
    PLUS      偏移，并进入状态 50
    MINUS     偏移，并进入状态 51
    MUL       偏移，并进入状态 52
    DIV       偏移，并进入状态 53
    GREATER   偏移，并进入状态 54
    LESS      偏移，并进入状态 55
    EQUAL     偏移，并进入状态 56
    ELESS     偏移，并进入状态 57
    EGREATER  偏移，并进入状态 58
    NEQUAL    偏移，并进入状态 59


状态 111

   40 expr: expr . PLUS expr
   41     | expr . MINUS expr
   42     | expr . MUL expr
   43     | expr . DIV expr
   52 comparision: expr . LESS expr
   53            | expr . GREATER expr
   54            | expr . EQUAL expr
   55            | expr . NEQUAL expr
   56            | expr . ELESS expr
   57            | expr . EGREATER expr
   61 args: args COMMA expr .

    PLUS      偏移，并进入状态 50
    MINUS     偏移，并进入状态 51
    MUL       偏移，并进入状态 52
    DIV       偏移，并进入状态 53
    GREATER   偏移，并进入状态 54
    LESS      偏移，并进入状态 55
    EQUAL     偏移，并进入状态 56
    ELESS     偏移，并进入状态 57
    EGREATER  偏移，并进入状态 58
    NEQUAL    偏移，并进入状态 59

    $default  使用规则 61 以归约 (args)


状态 112

   31 selection_stmt: IF LPAREN expr RPAREN . stmt
   32               | IF LPAREN expr RPAREN . stmt ELSE stmt

    IDENTIFIER  偏移，并进入状态 29
    INT_CONST   偏移，并进入状态 30
    INT         偏移，并进入状态 3
    SEMI        偏移，并进入状态 62
    LPAREN      偏移，并进入状态 31
    LBRACE      偏移，并进入状态 39
    MINUS       偏移，并进入状态 32
    IF          偏移，并进入状态 64
    RETURN      偏移，并进入状态 65
    WHILE       偏移，并进入状态 66

    id               转到状态 33
    var_declaration  转到状态 67
    var_type         转到状态 68
    compound_stmt    转到状态 69
    stmt             转到状态 114
    selection_stmt   转到状态 72
    expr_stmt        转到状态 73
    iteration_stmt   转到状态 74
    return_stmt      转到状态 75
    expr             转到状态 76
    array_ref        转到状态 35
    comparision      转到状态 36
    numeric          转到状态 37


状态 113

   35 iteration_stmt: WHILE LPAREN expr RPAREN . stmt

    IDENTIFIER  偏移，并进入状态 29
    INT_CONST   偏移，并进入状态 30
    INT         偏移，并进入状态 3
    SEMI        偏移，并进入状态 62
    LPAREN      偏移，并进入状态 31
    LBRACE      偏移，并进入状态 39
    MINUS       偏移，并进入状态 32
    IF          偏移，并进入状态 64
    RETURN      偏移，并进入状态 65
    WHILE       偏移，并进入状态 66

    id               转到状态 33
    var_declaration  转到状态 67
    var_type         转到状态 68
    compound_stmt    转到状态 69
    stmt             转到状态 115
    selection_stmt   转到状态 72
    expr_stmt        转到状态 73
    iteration_stmt   转到状态 74
    return_stmt      转到状态 75
    expr             转到状态 76
    array_ref        转到状态 35
    comparision      转到状态 36
    numeric          转到状态 37


状态 114

   31 selection_stmt: IF LPAREN expr RPAREN stmt .
   32               | IF LPAREN expr RPAREN stmt . ELSE stmt

    ELSE  偏移，并进入状态 116

    $default  使用规则 31 以归约 (selection_stmt)

    Conflict between rule 31 and token ELSE resolved as shift (NO_ELSE < ELSE).


状态 115

   35 iteration_stmt: WHILE LPAREN expr RPAREN stmt .

    $default  使用规则 35 以归约 (iteration_stmt)


状态 116

   32 selection_stmt: IF LPAREN expr RPAREN stmt ELSE . stmt

    IDENTIFIER  偏移，并进入状态 29
    INT_CONST   偏移，并进入状态 30
    INT         偏移，并进入状态 3
    SEMI        偏移，并进入状态 62
    LPAREN      偏移，并进入状态 31
    LBRACE      偏移，并进入状态 39
    MINUS       偏移，并进入状态 32
    IF          偏移，并进入状态 64
    RETURN      偏移，并进入状态 65
    WHILE       偏移，并进入状态 66

    id               转到状态 33
    var_declaration  转到状态 67
    var_type         转到状态 68
    compound_stmt    转到状态 69
    stmt             转到状态 117
    selection_stmt   转到状态 72
    expr_stmt        转到状态 73
    iteration_stmt   转到状态 74
    return_stmt      转到状态 75
    expr             转到状态 76
    array_ref        转到状态 35
    comparision      转到状态 36
    numeric          转到状态 37


状态 117

   32 selection_stmt: IF LPAREN expr RPAREN stmt ELSE stmt .

    $default  使用规则 32 以归约 (selection_stmt)
